{"/Users/pierre/Documents/Formation/03/Travail/backend/src/app.module.ts": {"path":"/Users/pierre/Documents/Formation/03/Travail/backend/src/app.module.ts","statementMap":{"0":{"start":{"line":1,"column":0},"end":{"line":1,"column":39}},"1":{"start":{"line":2,"column":0},"end":{"line":2,"column":47}},"2":{"start":{"line":3,"column":0},"end":{"line":3,"column":60}},"3":{"start":{"line":4,"column":0},"end":{"line":4,"column":49}},"4":{"start":{"line":5,"column":0},"end":{"line":5,"column":61}},"5":{"start":{"line":6,"column":0},"end":{"line":6,"column":54}},"6":{"start":{"line":7,"column":0},"end":{"line":7,"column":57}},"7":{"start":{"line":8,"column":0},"end":{"line":8,"column":57}},"8":{"start":{"line":9,"column":0},"end":{"line":9,"column":56}},"9":{"start":{"line":30,"column":7},"end":{"line":30,"column":null}},"10":{"start":{"line":30,"column":13},"end":{"line":30,"column":22}},"11":{"start":{"line":30,"column":13},"end":{"line":30,"column":null}},"12":{"start":{"line":21,"column":8},"end":{"line":21,"column":null}}},"fnMap":{"0":{"name":"(anonymous_1)","decl":{"start":{"line":20,"column":18},"end":{"line":20,"column":19}},"loc":{"start":{"line":20,"column":51},"end":{"line":22,"column":7}}}},"branchMap":{},"s":{"0":0,"1":0,"2":0,"3":0,"4":0,"5":0,"6":0,"7":0,"8":0,"9":0,"10":0,"11":0,"12":0},"f":{"0":0},"b":{}}
,"/Users/pierre/Documents/Formation/03/Travail/backend/src/main.ts": {"path":"/Users/pierre/Documents/Formation/03/Travail/backend/src/main.ts","statementMap":{"0":{"start":{"line":1,"column":0},"end":{"line":1,"column":42}},"1":{"start":{"line":2,"column":0},"end":{"line":2,"column":47}},"2":{"start":{"line":3,"column":0},"end":{"line":3,"column":40}},"3":{"start":{"line":6,"column":14},"end":{"line":6,"column":49}},"4":{"start":{"line":9,"column":2},"end":{"line":9,"column":null}},"5":{"start":{"line":12,"column":2},"end":{"line":12,"column":null}},"6":{"start":{"line":15,"column":2},"end":{"line":18,"column":null}},"7":{"start":{"line":20,"column":15},"end":{"line":20,"column":43}},"8":{"start":{"line":21,"column":2},"end":{"line":21,"column":null}},"9":{"start":{"line":22,"column":2},"end":{"line":22,"column":null}},"10":{"start":{"line":25,"column":0},"end":{"line":25,"column":null}}},"fnMap":{"0":{"name":"bootstrap","decl":{"start":{"line":5,"column":15},"end":{"line":5,"column":24}},"loc":{"start":{"line":5,"column":24},"end":{"line":23,"column":1}}}},"branchMap":{"0":{"loc":{"start":{"line":16,"column":12},"end":{"line":16,"column":63}},"type":"binary-expr","locations":[{"start":{"line":16,"column":12},"end":{"line":16,"column":36}},{"start":{"line":16,"column":40},"end":{"line":16,"column":63}}]},"1":{"loc":{"start":{"line":20,"column":15},"end":{"line":20,"column":43}},"type":"binary-expr","locations":[{"start":{"line":20,"column":15},"end":{"line":20,"column":35}},{"start":{"line":20,"column":39},"end":{"line":20,"column":43}}]}},"s":{"0":0,"1":0,"2":0,"3":0,"4":0,"5":0,"6":0,"7":0,"8":0,"9":0,"10":0},"f":{"0":0},"b":{"0":[0,0],"1":[0,0]}}
,"/Users/pierre/Documents/Formation/03/Travail/backend/src/common/common.module.ts": {"path":"/Users/pierre/Documents/Formation/03/Travail/backend/src/common/common.module.ts","statementMap":{"0":{"start":{"line":1,"column":0},"end":{"line":1,"column":39}},"1":{"start":{"line":2,"column":0},"end":{"line":2,"column":39}},"2":{"start":{"line":3,"column":0},"end":{"line":3,"column":60}},"3":{"start":{"line":4,"column":0},"end":{"line":4,"column":45}},"4":{"start":{"line":30,"column":7},"end":{"line":30,"column":null}},"5":{"start":{"line":30,"column":13},"end":{"line":30,"column":25}},"6":{"start":{"line":30,"column":13},"end":{"line":30,"column":null}},"7":{"start":{"line":12,"column":23},"end":{"line":12,"column":96}},"8":{"start":{"line":13,"column":29},"end":{"line":13,"column":74}},"9":{"start":{"line":15,"column":26},"end":{"line":15,"column":60}},"10":{"start":{"line":16,"column":8},"end":{"line":16,"column":null}},"11":{"start":{"line":17,"column":8},"end":{"line":22,"column":null}}},"fnMap":{"0":{"name":"(anonymous_1)","decl":{"start":{"line":11,"column":18},"end":{"line":11,"column":19}},"loc":{"start":{"line":11,"column":51},"end":{"line":23,"column":7}}}},"branchMap":{"0":{"loc":{"start":{"line":12,"column":23},"end":{"line":12,"column":96}},"type":"binary-expr","locations":[{"start":{"line":12,"column":23},"end":{"line":12,"column":54}},{"start":{"line":12,"column":58},"end":{"line":12,"column":96}}]},"1":{"loc":{"start":{"line":13,"column":29},"end":{"line":13,"column":74}},"type":"binary-expr","locations":[{"start":{"line":13,"column":29},"end":{"line":13,"column":64}},{"start":{"line":13,"column":68},"end":{"line":13,"column":74}}]},"2":{"loc":{"start":{"line":15,"column":26},"end":{"line":15,"column":60}},"type":"binary-expr","locations":[{"start":{"line":15,"column":26},"end":{"line":15,"column":52}},{"start":{"line":15,"column":56},"end":{"line":15,"column":60}}]}},"s":{"0":0,"1":0,"2":0,"3":0,"4":0,"5":0,"6":0,"7":0,"8":0,"9":0,"10":0,"11":0},"f":{"0":0},"b":{"0":[0,0],"1":[0,0],"2":[0,0]}}
,"/Users/pierre/Documents/Formation/03/Travail/backend/src/common/guards/jwt.guard.ts": {"path":"/Users/pierre/Documents/Formation/03/Travail/backend/src/common/guards/jwt.guard.ts","statementMap":{"0":{"start":{"line":1,"column":0},"end":{"line":1,"column":97}},"1":{"start":{"line":2,"column":0},"end":{"line":2,"column":40}},"2":{"start":{"line":5,"column":7},"end":{"line":25,"column":null}},"3":{"start":{"line":6,"column":22},"end":{"line":6,"column":34}},"4":{"start":{"line":9,"column":20},"end":{"line":9,"column":55}},"5":{"start":{"line":10,"column":23},"end":{"line":10,"column":52}},"6":{"start":{"line":12,"column":4},"end":{"line":14,"column":5}},"7":{"start":{"line":13,"column":6},"end":{"line":13,"column":null}},"8":{"start":{"line":16,"column":18},"end":{"line":16,"column":51}},"9":{"start":{"line":17,"column":4},"end":{"line":23,"column":5}},"10":{"start":{"line":18,"column":22},"end":{"line":18,"column":51}},"11":{"start":{"line":19,"column":6},"end":{"line":19,"column":null}},"12":{"start":{"line":20,"column":6},"end":{"line":20,"column":null}},"13":{"start":{"line":22,"column":6},"end":{"line":22,"column":null}},"14":{"start":{"line":5,"column":13},"end":{"line":5,"column":21}},"15":{"start":{"line":5,"column":13},"end":{"line":25,"column":null}}},"fnMap":{"0":{"name":"(anonymous_2)","decl":{"start":{"line":6,"column":2},"end":{"line":6,"column":22}},"loc":{"start":{"line":6,"column":44},"end":{"line":6,"column":48}}},"1":{"name":"(anonymous_3)","decl":{"start":{"line":8,"column":2},"end":{"line":8,"column":7}},"loc":{"start":{"line":8,"column":45},"end":{"line":24,"column":3}}}},"branchMap":{"0":{"loc":{"start":{"line":12,"column":4},"end":{"line":14,"column":5}},"type":"if","locations":[{"start":{"line":12,"column":4},"end":{"line":14,"column":5}}]}},"s":{"0":0,"1":0,"2":0,"3":0,"4":0,"5":0,"6":0,"7":0,"8":0,"9":0,"10":0,"11":0,"12":0,"13":0,"14":0,"15":0},"f":{"0":0,"1":0},"b":{"0":[0]}}
,"/Users/pierre/Documents/Formation/03/Travail/backend/src/common/pipes/parse-uuid.pipe.ts": {"path":"/Users/pierre/Documents/Formation/03/Travail/backend/src/common/pipes/parse-uuid.pipe.ts","statementMap":{"0":{"start":{"line":1,"column":0},"end":{"line":1,"column":77}},"1":{"start":{"line":9,"column":7},"end":{"line":19,"column":null}},"2":{"start":{"line":10,"column":19},"end":{"line":10,"column":null}},"3":{"start":{"line":13,"column":4},"end":{"line":16,"column":5}},"4":{"start":{"line":15,"column":6},"end":{"line":15,"column":null}},"5":{"start":{"line":17,"column":4},"end":{"line":17,"column":null}},"6":{"start":{"line":9,"column":13},"end":{"line":9,"column":26}},"7":{"start":{"line":9,"column":13},"end":{"line":19,"column":null}}},"fnMap":{"0":{"name":"(anonymous_1)","decl":{"start":{"line":9,"column":7},"end":{"line":9,"column":13}},"loc":{"start":{"line":9,"column":7},"end":{"line":19,"column":1}}},"1":{"name":"(anonymous_2)","decl":{"start":{"line":12,"column":2},"end":{"line":12,"column":11}},"loc":{"start":{"line":12,"column":22},"end":{"line":18,"column":3}}}},"branchMap":{"0":{"loc":{"start":{"line":13,"column":4},"end":{"line":16,"column":5}},"type":"if","locations":[{"start":{"line":13,"column":4},"end":{"line":16,"column":5}}]}},"s":{"0":0,"1":0,"2":0,"3":0,"4":0,"5":0,"6":0,"7":0},"f":{"0":0,"1":0},"b":{"0":[0]}}
,"/Users/pierre/Documents/Formation/03/Travail/backend/src/common/tasks/tasks.module.ts": {"path":"/Users/pierre/Documents/Formation/03/Travail/backend/src/common/tasks/tasks.module.ts","statementMap":{"0":{"start":{"line":1,"column":0},"end":{"line":1,"column":39}},"1":{"start":{"line":2,"column":0},"end":{"line":2,"column":47}},"2":{"start":{"line":3,"column":0},"end":{"line":3,"column":58}},"3":{"start":{"line":4,"column":0},"end":{"line":4,"column":46}},"4":{"start":{"line":11,"column":7},"end":{"line":11,"column":null}},"5":{"start":{"line":11,"column":13},"end":{"line":11,"column":24}},"6":{"start":{"line":11,"column":13},"end":{"line":11,"column":null}}},"fnMap":{},"branchMap":{},"s":{"0":0,"1":0,"2":0,"3":0,"4":0,"5":0,"6":0},"f":{},"b":{}}
,"/Users/pierre/Documents/Formation/03/Travail/backend/src/common/tasks/tasks.service.ts": {"path":"/Users/pierre/Documents/Formation/03/Travail/backend/src/common/tasks/tasks.service.ts","statementMap":{"0":{"start":{"line":1,"column":0},"end":{"line":1,"column":43}},"1":{"start":{"line":2,"column":0},"end":{"line":2,"column":55}},"2":{"start":{"line":3,"column":0},"end":{"line":3,"column":50}},"3":{"start":{"line":4,"column":0},"end":{"line":4,"column":46}},"4":{"start":{"line":5,"column":0},"end":{"line":5,"column":58}},"5":{"start":{"line":6,"column":0},"end":{"line":6,"column":24}},"6":{"start":{"line":9,"column":7},"end":{"line":32,"column":null}},"7":{"start":{"line":12,"column":12},"end":{"line":12,"column":29}},"8":{"start":{"line":17,"column":25},"end":{"line":21,"column":6}},"9":{"start":{"line":23,"column":4},"end":{"line":28,"column":5}},"10":{"start":{"line":24,"column":6},"end":{"line":26,"column":7}},"11":{"start":{"line":25,"column":8},"end":{"line":25,"column":null}},"12":{"start":{"line":27,"column":6},"end":{"line":27,"column":null}},"13":{"start":{"line":30,"column":4},"end":{"line":30,"column":null}},"14":{"start":{"line":9,"column":13},"end":{"line":9,"column":25}},"15":{"start":{"line":16,"column":8},"end":{"line":31,"column":null}},"16":{"start":{"line":9,"column":13},"end":{"line":32,"column":null}}},"fnMap":{"0":{"name":"(anonymous_13)","decl":{"start":{"line":10,"column":2},"end":{"line":10,"column":null}},"loc":{"start":{"line":12,"column":45},"end":{"line":13,"column":6}}},"1":{"name":"(anonymous_14)","decl":{"start":{"line":16,"column":2},"end":{"line":16,"column":7}},"loc":{"start":{"line":16,"column":26},"end":{"line":31,"column":3}}}},"branchMap":{"0":{"loc":{"start":{"line":24,"column":6},"end":{"line":26,"column":7}},"type":"if","locations":[{"start":{"line":24,"column":6},"end":{"line":26,"column":7}}]}},"s":{"0":0,"1":0,"2":0,"3":0,"4":0,"5":0,"6":0,"7":0,"8":0,"9":0,"10":0,"11":0,"12":0,"13":0,"14":0,"15":0,"16":0},"f":{"0":0,"1":0},"b":{"0":[0]}}
,"/Users/pierre/Documents/Formation/03/Travail/backend/src/config/typeorm.config.ts": {"path":"/Users/pierre/Documents/Formation/03/Travail/backend/src/config/typeorm.config.ts","statementMap":{"0":{"start":{"line":1,"column":0},"end":{"line":1,"column":43}},"1":{"start":{"line":2,"column":0},"end":{"line":2,"column":46}},"2":{"start":{"line":4,"column":0},"end":{"line":4,"column":58}},"3":{"start":{"line":5,"column":0},"end":{"line":5,"column":58}},"4":{"start":{"line":8,"column":7},"end":{"line":20,"column":null}},"5":{"start":{"line":9,"column":22},"end":{"line":9,"column":37}},"6":{"start":{"line":12,"column":4},"end":{"line":18,"column":null}},"7":{"start":{"line":8,"column":13},"end":{"line":8,"column":33}},"8":{"start":{"line":8,"column":13},"end":{"line":20,"column":null}}},"fnMap":{"0":{"name":"(anonymous_2)","decl":{"start":{"line":9,"column":2},"end":{"line":9,"column":22}},"loc":{"start":{"line":9,"column":50},"end":{"line":9,"column":54}}},"1":{"name":"(anonymous_3)","decl":{"start":{"line":11,"column":2},"end":{"line":11,"column":22}},"loc":{"start":{"line":11,"column":22},"end":{"line":19,"column":3}}}},"branchMap":{},"s":{"0":0,"1":0,"2":0,"3":0,"4":0,"5":0,"6":0,"7":0,"8":0},"f":{"0":0,"1":0},"b":{}}
,"/Users/pierre/Documents/Formation/03/Travail/backend/src/migrations/1704844800000-CreateUsersTable.ts": {"path":"/Users/pierre/Documents/Formation/03/Travail/backend/src/migrations/1704844800000-CreateUsersTable.ts","statementMap":{"0":{"start":{"line":1,"column":0},"end":{"line":1,"column":77}},"1":{"start":{"line":5,"column":4},"end":{"line":68,"column":null}},"2":{"start":{"line":72,"column":4},"end":{"line":72,"column":null}},"3":{"start":{"line":3,"column":0},"end":{"line":3,"column":13}}},"fnMap":{"0":{"name":"(anonymous_0)","decl":{"start":{"line":4,"column":9},"end":{"line":4,"column":14}},"loc":{"start":{"line":4,"column":42},"end":{"line":69,"column":3}}},"1":{"name":"(anonymous_1)","decl":{"start":{"line":71,"column":9},"end":{"line":71,"column":14}},"loc":{"start":{"line":71,"column":44},"end":{"line":73,"column":3}}}},"branchMap":{},"s":{"0":0,"1":0,"2":0,"3":0},"f":{"0":0,"1":0},"b":{}}
,"/Users/pierre/Documents/Formation/03/Travail/backend/src/migrations/1704844800001-CreateFilesTable.ts": {"path":"/Users/pierre/Documents/Formation/03/Travail/backend/src/migrations/1704844800001-CreateFilesTable.ts","statementMap":{"0":{"start":{"line":1,"column":0},"end":{"line":1,"column":81}},"1":{"start":{"line":5,"column":4},"end":{"line":83,"column":null}},"2":{"start":{"line":87,"column":4},"end":{"line":87,"column":null}},"3":{"start":{"line":3,"column":0},"end":{"line":3,"column":13}}},"fnMap":{"0":{"name":"(anonymous_0)","decl":{"start":{"line":4,"column":9},"end":{"line":4,"column":14}},"loc":{"start":{"line":4,"column":42},"end":{"line":84,"column":3}}},"1":{"name":"(anonymous_1)","decl":{"start":{"line":86,"column":9},"end":{"line":86,"column":14}},"loc":{"start":{"line":86,"column":44},"end":{"line":88,"column":3}}}},"branchMap":{},"s":{"0":0,"1":0,"2":0,"3":0},"f":{"0":0,"1":0},"b":{}}
,"/Users/pierre/Documents/Formation/03/Travail/backend/src/migrations/1704844800002-AddUploadTokenToFilesTable.ts": {"path":"/Users/pierre/Documents/Formation/03/Travail/backend/src/migrations/1704844800002-AddUploadTokenToFilesTable.ts","statementMap":{"0":{"start":{"line":1,"column":0},"end":{"line":1,"column":82}},"1":{"start":{"line":4,"column":2},"end":{"line":4,"column":null}},"2":{"start":{"line":8,"column":4},"end":{"line":16,"column":null}},"3":{"start":{"line":19,"column":4},"end":{"line":26,"column":null}},"4":{"start":{"line":31,"column":4},"end":{"line":31,"column":null}},"5":{"start":{"line":34,"column":4},"end":{"line":34,"column":null}},"6":{"start":{"line":3,"column":0},"end":{"line":3,"column":13}}},"fnMap":{"0":{"name":"(anonymous_0)","decl":{"start":{"line":3,"column":0},"end":{"line":3,"column":13}},"loc":{"start":{"line":3,"column":0},"end":{"line":36,"column":1}}},"1":{"name":"(anonymous_1)","decl":{"start":{"line":6,"column":2},"end":{"line":6,"column":7}},"loc":{"start":{"line":6,"column":35},"end":{"line":27,"column":3}}},"2":{"name":"(anonymous_2)","decl":{"start":{"line":29,"column":2},"end":{"line":29,"column":7}},"loc":{"start":{"line":29,"column":37},"end":{"line":35,"column":3}}}},"branchMap":{},"s":{"0":0,"1":0,"2":0,"3":0,"4":0,"5":0,"6":0},"f":{"0":0,"1":0,"2":0},"b":{}}
,"/Users/pierre/Documents/Formation/03/Travail/backend/src/modules/auth/auth.controller.ts": {"path":"/Users/pierre/Documents/Formation/03/Travail/backend/src/modules/auth/auth.controller.ts","statementMap":{"0":{"start":{"line":1,"column":0},"end":{"line":1,"column":76}},"1":{"start":{"line":2,"column":0},"end":{"line":2,"column":44}},"2":{"start":{"line":3,"column":0},"end":{"line":3,"column":71}},"3":{"start":{"line":4,"column":0},"end":{"line":4,"column":51}},"4":{"start":{"line":7,"column":7},"end":{"line":33,"column":null}},"5":{"start":{"line":8,"column":31},"end":{"line":8,"column":44}},"6":{"start":{"line":12,"column":4},"end":{"line":12,"column":null}},"7":{"start":{"line":17,"column":4},"end":{"line":17,"column":null}},"8":{"start":{"line":23,"column":4},"end":{"line":26,"column":null}},"9":{"start":{"line":31,"column":4},"end":{"line":31,"column":null}},"10":{"start":{"line":7,"column":13},"end":{"line":7,"column":27}},"11":{"start":{"line":11,"column":8},"end":{"line":13,"column":null}},"12":{"start":{"line":16,"column":8},"end":{"line":18,"column":null}},"13":{"start":{"line":22,"column":8},"end":{"line":27,"column":null}},"14":{"start":{"line":30,"column":8},"end":{"line":32,"column":null}},"15":{"start":{"line":7,"column":13},"end":{"line":33,"column":null}}},"fnMap":{"0":{"name":"(anonymous_4)","decl":{"start":{"line":8,"column":2},"end":{"line":8,"column":31}},"loc":{"start":{"line":8,"column":55},"end":{"line":8,"column":59}}},"1":{"name":"(anonymous_5)","decl":{"start":{"line":11,"column":2},"end":{"line":11,"column":7}},"loc":{"start":{"line":11,"column":49},"end":{"line":13,"column":3}}},"2":{"name":"(anonymous_6)","decl":{"start":{"line":16,"column":2},"end":{"line":16,"column":7}},"loc":{"start":{"line":16,"column":40},"end":{"line":18,"column":3}}},"3":{"name":"(anonymous_7)","decl":{"start":{"line":22,"column":2},"end":{"line":22,"column":7}},"loc":{"start":{"line":22,"column":26},"end":{"line":27,"column":3}}},"4":{"name":"(anonymous_8)","decl":{"start":{"line":30,"column":2},"end":{"line":30,"column":7}},"loc":{"start":{"line":30,"column":14},"end":{"line":32,"column":3}}}},"branchMap":{},"s":{"0":0,"1":0,"2":0,"3":0,"4":0,"5":0,"6":0,"7":0,"8":0,"9":0,"10":0,"11":0,"12":0,"13":0,"14":0,"15":0},"f":{"0":0,"1":0,"2":0,"3":0,"4":0},"b":{}}
,"/Users/pierre/Documents/Formation/03/Travail/backend/src/modules/auth/auth.module.ts": {"path":"/Users/pierre/Documents/Formation/03/Travail/backend/src/modules/auth/auth.module.ts","statementMap":{"0":{"start":{"line":1,"column":0},"end":{"line":1,"column":39}},"1":{"start":{"line":2,"column":0},"end":{"line":2,"column":49}},"2":{"start":{"line":3,"column":0},"end":{"line":3,"column":52}},"3":{"start":{"line":4,"column":0},"end":{"line":4,"column":44}},"4":{"start":{"line":5,"column":0},"end":{"line":5,"column":50}},"5":{"start":{"line":6,"column":0},"end":{"line":6,"column":55}},"6":{"start":{"line":7,"column":0},"end":{"line":7,"column":57}},"7":{"start":{"line":15,"column":7},"end":{"line":15,"column":null}},"8":{"start":{"line":15,"column":13},"end":{"line":15,"column":23}},"9":{"start":{"line":15,"column":13},"end":{"line":15,"column":null}}},"fnMap":{},"branchMap":{},"s":{"0":0,"1":0,"2":0,"3":0,"4":0,"5":0,"6":0,"7":0,"8":0,"9":0},"f":{},"b":{}}
,"/Users/pierre/Documents/Formation/03/Travail/backend/src/modules/auth/auth.service.ts": {"path":"/Users/pierre/Documents/Formation/03/Travail/backend/src/modules/auth/auth.service.ts","statementMap":{"0":{"start":{"line":1,"column":0},"end":{"line":1,"column":87}},"1":{"start":{"line":2,"column":0},"end":{"line":2,"column":40}},"2":{"start":{"line":3,"column":0},"end":{"line":3,"column":46}},"3":{"start":{"line":4,"column":0},"end":{"line":4,"column":34}},"4":{"start":{"line":5,"column":0},"end":{"line":5,"column":59}},"5":{"start":{"line":9,"column":7},"end":{"line":77,"column":null}},"6":{"start":{"line":11,"column":12},"end":{"line":11,"column":26}},"7":{"start":{"line":12,"column":12},"end":{"line":12,"column":24}},"8":{"start":{"line":13,"column":12},"end":{"line":13,"column":27}},"9":{"start":{"line":17,"column":25},"end":{"line":17,"column":79}},"10":{"start":{"line":18,"column":4},"end":{"line":20,"column":5}},"11":{"start":{"line":19,"column":6},"end":{"line":19,"column":null}},"12":{"start":{"line":22,"column":27},"end":{"line":22,"column":70}},"13":{"start":{"line":23,"column":17},"end":{"line":27,"column":6}},"14":{"start":{"line":29,"column":18},"end":{"line":29,"column":57}},"15":{"start":{"line":30,"column":4},"end":{"line":38,"column":null}},"16":{"start":{"line":42,"column":17},"end":{"line":42,"column":68}},"17":{"start":{"line":43,"column":4},"end":{"line":45,"column":5}},"18":{"start":{"line":44,"column":6},"end":{"line":44,"column":null}},"19":{"start":{"line":47,"column":26},"end":{"line":47,"column":80}},"20":{"start":{"line":48,"column":4},"end":{"line":50,"column":5}},"21":{"start":{"line":49,"column":6},"end":{"line":49,"column":null}},"22":{"start":{"line":52,"column":18},"end":{"line":52,"column":57}},"23":{"start":{"line":53,"column":4},"end":{"line":61,"column":null}},"24":{"start":{"line":65,"column":4},"end":{"line":69,"column":5}},"25":{"start":{"line":66,"column":6},"end":{"line":66,"column":null}},"26":{"start":{"line":68,"column":6},"end":{"line":68,"column":null}},"27":{"start":{"line":73,"column":4},"end":{"line":75,"column":null}},"28":{"start":{"line":9,"column":13},"end":{"line":9,"column":24}},"29":{"start":{"line":9,"column":13},"end":{"line":77,"column":null}}},"fnMap":{"0":{"name":"(anonymous_11)","decl":{"start":{"line":10,"column":2},"end":{"line":10,"column":null}},"loc":{"start":{"line":13,"column":40},"end":{"line":14,"column":6}}},"1":{"name":"(anonymous_12)","decl":{"start":{"line":16,"column":2},"end":{"line":16,"column":7}},"loc":{"start":{"line":16,"column":41},"end":{"line":39,"column":3}}},"2":{"name":"(anonymous_13)","decl":{"start":{"line":41,"column":2},"end":{"line":41,"column":7}},"loc":{"start":{"line":41,"column":32},"end":{"line":62,"column":3}}},"3":{"name":"(anonymous_14)","decl":{"start":{"line":64,"column":2},"end":{"line":64,"column":7}},"loc":{"start":{"line":64,"column":35},"end":{"line":70,"column":3}}},"4":{"name":"(anonymous_15)","decl":{"start":{"line":72,"column":10},"end":{"line":72,"column":23}},"loc":{"start":{"line":72,"column":53},"end":{"line":76,"column":3}}}},"branchMap":{"0":{"loc":{"start":{"line":18,"column":4},"end":{"line":20,"column":5}},"type":"if","locations":[{"start":{"line":18,"column":4},"end":{"line":20,"column":5}}]},"1":{"loc":{"start":{"line":43,"column":4},"end":{"line":45,"column":5}},"type":"if","locations":[{"start":{"line":43,"column":4},"end":{"line":45,"column":5}}]},"2":{"loc":{"start":{"line":48,"column":4},"end":{"line":50,"column":5}},"type":"if","locations":[{"start":{"line":48,"column":4},"end":{"line":50,"column":5}}]}},"s":{"0":1,"1":1,"2":1,"3":1,"4":1,"5":1,"6":9,"7":9,"8":9,"9":3,"10":3,"11":1,"12":2,"13":2,"14":2,"15":2,"16":3,"17":3,"18":1,"19":2,"20":2,"21":1,"22":1,"23":1,"24":2,"25":2,"26":1,"27":3,"28":1,"29":1},"f":{"0":9,"1":3,"2":3,"3":2,"4":3},"b":{"0":[1],"1":[1],"2":[1]}}
,"/Users/pierre/Documents/Formation/03/Travail/backend/src/modules/auth/dto/auth.dto.ts": {"path":"/Users/pierre/Documents/Formation/03/Travail/backend/src/modules/auth/dto/auth.dto.ts","statementMap":{"0":{"start":{"line":1,"column":0},"end":{"line":1,"column":62}},"1":{"start":{"line":3,"column":0},"end":{"line":3,"column":13}},"2":{"start":{"line":5,"column":2},"end":{"line":5,"column":null}},"3":{"start":{"line":9,"column":2},"end":{"line":9,"column":null}},"4":{"start":{"line":12,"column":0},"end":{"line":12,"column":13}},"5":{"start":{"line":14,"column":2},"end":{"line":14,"column":null}},"6":{"start":{"line":18,"column":2},"end":{"line":18,"column":null}},"7":{"start":{"line":22,"column":2},"end":{"line":22,"column":null}},"8":{"start":{"line":25,"column":0},"end":{"line":25,"column":13}}},"fnMap":{},"branchMap":{},"s":{"0":0,"1":0,"2":0,"3":0,"4":0,"5":0,"6":0,"7":0,"8":0},"f":{},"b":{}}
,"/Users/pierre/Documents/Formation/03/Travail/backend/src/modules/auth/strategies/jwt.strategy.ts": {"path":"/Users/pierre/Documents/Formation/03/Travail/backend/src/modules/auth/strategies/jwt.strategy.ts","statementMap":{"0":{"start":{"line":1,"column":0},"end":{"line":1,"column":43}},"1":{"start":{"line":2,"column":0},"end":{"line":2,"column":51}},"2":{"start":{"line":3,"column":0},"end":{"line":3,"column":51}},"3":{"start":{"line":4,"column":0},"end":{"line":4,"column":46}},"4":{"start":{"line":7,"column":7},"end":{"line":19,"column":null}},"5":{"start":{"line":9,"column":4},"end":{"line":13,"column":null}},"6":{"start":{"line":8,"column":22},"end":{"line":8,"column":37}},"7":{"start":{"line":17,"column":4},"end":{"line":17,"column":null}},"8":{"start":{"line":7,"column":13},"end":{"line":7,"column":24}},"9":{"start":{"line":7,"column":13},"end":{"line":19,"column":null}}},"fnMap":{"0":{"name":"(anonymous_2)","decl":{"start":{"line":8,"column":2},"end":{"line":8,"column":22}},"loc":{"start":{"line":8,"column":50},"end":{"line":14,"column":3}}},"1":{"name":"(anonymous_3)","decl":{"start":{"line":16,"column":2},"end":{"line":16,"column":7}},"loc":{"start":{"line":16,"column":29},"end":{"line":18,"column":3}}}},"branchMap":{},"s":{"0":0,"1":0,"2":0,"3":0,"4":0,"5":0,"6":0,"7":0,"8":0,"9":0},"f":{"0":0,"1":0},"b":{}}
,"/Users/pierre/Documents/Formation/03/Travail/backend/src/modules/files/files.controller.ts": {"path":"/Users/pierre/Documents/Formation/03/Travail/backend/src/modules/files/files.controller.ts","statementMap":{"0":{"start":{"line":1,"column":0},"end":{"line":1,"column":null}},"1":{"start":{"line":18,"column":0},"end":{"line":18,"column":58}},"2":{"start":{"line":19,"column":0},"end":{"line":19,"column":38}},"3":{"start":{"line":20,"column":0},"end":{"line":20,"column":46}},"4":{"start":{"line":21,"column":0},"end":{"line":21,"column":51}},"5":{"start":{"line":22,"column":0},"end":{"line":22,"column":61}},"6":{"start":{"line":25,"column":0},"end":{"line":25,"column":57}},"7":{"start":{"line":45,"column":7},"end":{"line":164,"column":null}},"8":{"start":{"line":46,"column":31},"end":{"line":46,"column":45}},"9":{"start":{"line":71,"column":4},"end":{"line":73,"column":5}},"10":{"start":{"line":72,"column":6},"end":{"line":72,"column":null}},"11":{"start":{"line":76,"column":4},"end":{"line":76,"column":null}},"12":{"start":{"line":78,"column":4},"end":{"line":78,"column":null}},"13":{"start":{"line":91,"column":4},"end":{"line":91,"column":null}},"14":{"start":{"line":104,"column":4},"end":{"line":104,"column":null}},"15":{"start":{"line":124,"column":19},"end":{"line":124,"column":94}},"16":{"start":{"line":125,"column":17},"end":{"line":125,"column":71}},"17":{"start":{"line":127,"column":4},"end":{"line":127,"column":null}},"18":{"start":{"line":128,"column":4},"end":{"line":128,"column":null}},"19":{"start":{"line":129,"column":4},"end":{"line":129,"column":null}},"20":{"start":{"line":143,"column":19},"end":{"line":143,"column":60}},"21":{"start":{"line":144,"column":17},"end":{"line":144,"column":52}},"22":{"start":{"line":146,"column":4},"end":{"line":146,"column":null}},"23":{"start":{"line":147,"column":4},"end":{"line":147,"column":null}},"24":{"start":{"line":148,"column":4},"end":{"line":148,"column":null}},"25":{"start":{"line":161,"column":4},"end":{"line":161,"column":null}},"26":{"start":{"line":162,"column":4},"end":{"line":162,"column":null}},"27":{"start":{"line":45,"column":13},"end":{"line":45,"column":28}},"28":{"start":{"line":67,"column":8},"end":{"line":79,"column":null}},"29":{"start":{"line":90,"column":8},"end":{"line":92,"column":null}},"30":{"start":{"line":103,"column":8},"end":{"line":105,"column":null}},"31":{"start":{"line":119,"column":8},"end":{"line":130,"column":null}},"32":{"start":{"line":142,"column":8},"end":{"line":149,"column":null}},"33":{"start":{"line":160,"column":8},"end":{"line":163,"column":null}},"34":{"start":{"line":45,"column":13},"end":{"line":164,"column":null}}},"fnMap":{"0":{"name":"(anonymous_4)","decl":{"start":{"line":46,"column":2},"end":{"line":46,"column":31}},"loc":{"start":{"line":46,"column":57},"end":{"line":46,"column":61}}},"1":{"name":"(anonymous_5)","decl":{"start":{"line":67,"column":2},"end":{"line":67,"column":7}},"loc":{"start":{"line":69,"column":39},"end":{"line":79,"column":3}}},"2":{"name":"(anonymous_6)","decl":{"start":{"line":90,"column":2},"end":{"line":90,"column":7}},"loc":{"start":{"line":90,"column":31},"end":{"line":92,"column":3}}},"3":{"name":"(anonymous_7)","decl":{"start":{"line":103,"column":2},"end":{"line":103,"column":7}},"loc":{"start":{"line":103,"column":90},"end":{"line":105,"column":3}}},"4":{"name":"(anonymous_8)","decl":{"start":{"line":119,"column":2},"end":{"line":119,"column":7}},"loc":{"start":{"line":122,"column":31},"end":{"line":130,"column":3}}},"5":{"name":"(anonymous_9)","decl":{"start":{"line":142,"column":2},"end":{"line":142,"column":7}},"loc":{"start":{"line":142,"column":90},"end":{"line":149,"column":3}}},"6":{"name":"(anonymous_10)","decl":{"start":{"line":160,"column":2},"end":{"line":160,"column":7}},"loc":{"start":{"line":160,"column":76},"end":{"line":163,"column":3}}}},"branchMap":{"0":{"loc":{"start":{"line":71,"column":4},"end":{"line":73,"column":5}},"type":"if","locations":[{"start":{"line":71,"column":4},"end":{"line":73,"column":5}}]}},"s":{"0":0,"1":0,"2":0,"3":0,"4":0,"5":0,"6":0,"7":0,"8":0,"9":0,"10":0,"11":0,"12":0,"13":0,"14":0,"15":0,"16":0,"17":0,"18":0,"19":0,"20":0,"21":0,"22":0,"23":0,"24":0,"25":0,"26":0,"27":0,"28":0,"29":0,"30":0,"31":0,"32":0,"33":0,"34":0},"f":{"0":0,"1":0,"2":0,"3":0,"4":0,"5":0,"6":0},"b":{"0":[0]}}
,"/Users/pierre/Documents/Formation/03/Travail/backend/src/modules/files/files.module.ts": {"path":"/Users/pierre/Documents/Formation/03/Travail/backend/src/modules/files/files.module.ts","statementMap":{"0":{"start":{"line":1,"column":0},"end":{"line":1,"column":39}},"1":{"start":{"line":2,"column":0},"end":{"line":2,"column":47}},"2":{"start":{"line":3,"column":0},"end":{"line":3,"column":52}},"3":{"start":{"line":4,"column":0},"end":{"line":4,"column":45}},"4":{"start":{"line":5,"column":0},"end":{"line":5,"column":46}},"5":{"start":{"line":6,"column":0},"end":{"line":6,"column":52}},"6":{"start":{"line":7,"column":0},"end":{"line":7,"column":69}},"7":{"start":{"line":15,"column":7},"end":{"line":15,"column":null}},"8":{"start":{"line":15,"column":13},"end":{"line":15,"column":24}},"9":{"start":{"line":15,"column":13},"end":{"line":15,"column":null}}},"fnMap":{},"branchMap":{},"s":{"0":0,"1":0,"2":0,"3":0,"4":0,"5":0,"6":0,"7":0,"8":0,"9":0},"f":{},"b":{}}
,"/Users/pierre/Documents/Formation/03/Travail/backend/src/modules/files/files.service.ts": {"path":"/Users/pierre/Documents/Formation/03/Travail/backend/src/modules/files/files.service.ts","statementMap":{"0":{"start":{"line":1,"column":0},"end":{"line":1,"column":137}},"1":{"start":{"line":2,"column":0},"end":{"line":2,"column":50}},"2":{"start":{"line":3,"column":0},"end":{"line":3,"column":36}},"3":{"start":{"line":4,"column":0},"end":{"line":4,"column":35}},"4":{"start":{"line":5,"column":0},"end":{"line":5,"column":34}},"5":{"start":{"line":6,"column":0},"end":{"line":6,"column":45}},"6":{"start":{"line":10,"column":0},"end":{"line":10,"column":69}},"7":{"start":{"line":30,"column":7},"end":{"line":469,"column":null}},"8":{"start":{"line":35,"column":12},"end":{"line":35,"column":29}},"9":{"start":{"line":36,"column":12},"end":{"line":36,"column":28}},"10":{"start":{"line":31,"column":19},"end":{"line":31,"column":null}},"11":{"start":{"line":52,"column":4},"end":{"line":54,"column":5}},"12":{"start":{"line":53,"column":6},"end":{"line":53,"column":null}},"13":{"start":{"line":57,"column":24},"end":{"line":57,"column":36}},"14":{"start":{"line":60,"column":21},"end":{"line":60,"column":62}},"15":{"start":{"line":61,"column":21},"end":{"line":61,"column":44}},"16":{"start":{"line":63,"column":4},"end":{"line":91,"column":5}},"17":{"start":{"line":65,"column":24},"end":{"line":65,"column":85}},"18":{"start":{"line":68,"column":19},"end":{"line":80,"column":8}},"19":{"start":{"line":82,"column":24},"end":{"line":82,"column":61}},"20":{"start":{"line":84,"column":6},"end":{"line":84,"column":null}},"21":{"start":{"line":87,"column":6},"end":{"line":87,"column":null}},"22":{"start":{"line":89,"column":6},"end":{"line":89,"column":null}},"23":{"start":{"line":90,"column":6},"end":{"line":90,"column":null}},"24":{"start":{"line":101,"column":18},"end":{"line":101,"column":65}},"25":{"start":{"line":102,"column":4},"end":{"line":104,"column":5}},"26":{"start":{"line":103,"column":6},"end":{"line":103,"column":null}},"27":{"start":{"line":105,"column":4},"end":{"line":105,"column":null}},"28":{"start":{"line":114,"column":4},"end":{"line":114,"column":null}},"29":{"start":{"line":124,"column":4},"end":{"line":124,"column":null}},"30":{"start":{"line":134,"column":18},"end":{"line":134,"column":40}},"31":{"start":{"line":136,"column":5},"end":{"line":138,"column":6}},"32":{"start":{"line":137,"column":7},"end":{"line":137,"column":null}},"33":{"start":{"line":141,"column":5},"end":{"line":143,"column":6}},"34":{"start":{"line":142,"column":7},"end":{"line":142,"column":null}},"35":{"start":{"line":145,"column":4},"end":{"line":156,"column":5}},"36":{"start":{"line":147,"column":6},"end":{"line":147,"column":null}},"37":{"start":{"line":150,"column":6},"end":{"line":150,"column":null}},"38":{"start":{"line":152,"column":6},"end":{"line":152,"column":null}},"39":{"start":{"line":154,"column":6},"end":{"line":154,"column":null}},"40":{"start":{"line":155,"column":6},"end":{"line":155,"column":null}},"41":{"start":{"line":165,"column":17},"end":{"line":165,"column":39}},"42":{"start":{"line":167,"column":4},"end":{"line":169,"column":5}},"43":{"start":{"line":168,"column":6},"end":{"line":168,"column":null}},"44":{"start":{"line":171,"column":4},"end":{"line":176,"column":5}},"45":{"start":{"line":172,"column":6},"end":{"line":172,"column":null}},"46":{"start":{"line":174,"column":6},"end":{"line":174,"column":null}},"47":{"start":{"line":175,"column":6},"end":{"line":175,"column":null}},"48":{"start":{"line":186,"column":26},"end":{"line":186,"column":44}},"49":{"start":{"line":188,"column":31},"end":{"line":215,"column":6}},"50":{"start":{"line":217,"column":33},"end":{"line":230,"column":6}},"51":{"start":{"line":233,"column":4},"end":{"line":237,"column":5}},"52":{"start":{"line":234,"column":6},"end":{"line":236,"column":null}},"53":{"start":{"line":239,"column":4},"end":{"line":241,"column":5}},"54":{"start":{"line":240,"column":6},"end":{"line":240,"column":null}},"55":{"start":{"line":244,"column":21},"end":{"line":244,"column":52}},"56":{"start":{"line":245,"column":22},"end":{"line":245,"column":67}},"57":{"start":{"line":247,"column":4},"end":{"line":249,"column":5}},"58":{"start":{"line":248,"column":6},"end":{"line":248,"column":null}},"59":{"start":{"line":252,"column":4},"end":{"line":256,"column":5}},"60":{"start":{"line":253,"column":6},"end":{"line":255,"column":null}},"61":{"start":{"line":259,"column":4},"end":{"line":259,"column":null}},"62":{"start":{"line":267,"column":4},"end":{"line":269,"column":5}},"63":{"start":{"line":268,"column":6},"end":{"line":268,"column":12}},"64":{"start":{"line":271,"column":19},"end":{"line":271,"column":30}},"65":{"start":{"line":274,"column":4},"end":{"line":277,"column":5}},"66":{"start":{"line":276,"column":6},"end":{"line":276,"column":null}},"67":{"start":{"line":280,"column":22},"end":{"line":280,"column":91}},"68":{"start":{"line":281,"column":4},"end":{"line":283,"column":5}},"69":{"start":{"line":282,"column":6},"end":{"line":282,"column":null}},"70":{"start":{"line":293,"column":4},"end":{"line":295,"column":5}},"71":{"start":{"line":294,"column":6},"end":{"line":294,"column":null}},"72":{"start":{"line":298,"column":4},"end":{"line":301,"column":5}},"73":{"start":{"line":299,"column":6},"end":{"line":299,"column":null}},"74":{"start":{"line":300,"column":6},"end":{"line":300,"column":null}},"75":{"start":{"line":303,"column":27},"end":{"line":303,"column":37}},"76":{"start":{"line":304,"column":4},"end":{"line":304,"column":null}},"77":{"start":{"line":305,"column":4},"end":{"line":305,"column":null}},"78":{"start":{"line":314,"column":4},"end":{"line":324,"column":null}},"79":{"start":{"line":336,"column":17},"end":{"line":336,"column":58}},"80":{"start":{"line":338,"column":4},"end":{"line":340,"column":5}},"81":{"start":{"line":339,"column":6},"end":{"line":339,"column":null}},"82":{"start":{"line":343,"column":4},"end":{"line":345,"column":5}},"83":{"start":{"line":344,"column":6},"end":{"line":344,"column":null}},"84":{"start":{"line":347,"column":4},"end":{"line":356,"column":null}},"85":{"start":{"line":369,"column":17},"end":{"line":369,"column":58}},"86":{"start":{"line":371,"column":4},"end":{"line":373,"column":5}},"87":{"start":{"line":372,"column":6},"end":{"line":372,"column":null}},"88":{"start":{"line":376,"column":4},"end":{"line":378,"column":5}},"89":{"start":{"line":377,"column":6},"end":{"line":377,"column":null}},"90":{"start":{"line":381,"column":4},"end":{"line":390,"column":5}},"91":{"start":{"line":382,"column":6},"end":{"line":384,"column":7}},"92":{"start":{"line":383,"column":8},"end":{"line":383,"column":null}},"93":{"start":{"line":386,"column":30},"end":{"line":386,"column":83}},"94":{"start":{"line":387,"column":6},"end":{"line":389,"column":7}},"95":{"start":{"line":388,"column":8},"end":{"line":388,"column":null}},"96":{"start":{"line":392,"column":4},"end":{"line":397,"column":5}},"97":{"start":{"line":393,"column":6},"end":{"line":393,"column":null}},"98":{"start":{"line":395,"column":6},"end":{"line":395,"column":null}},"99":{"start":{"line":396,"column":6},"end":{"line":396,"column":null}},"100":{"start":{"line":413,"column":4},"end":{"line":415,"column":5}},"101":{"start":{"line":414,"column":6},"end":{"line":414,"column":null}},"102":{"start":{"line":418,"column":24},"end":{"line":418,"column":36}},"103":{"start":{"line":421,"column":21},"end":{"line":421,"column":62}},"104":{"start":{"line":422,"column":21},"end":{"line":422,"column":44}},"105":{"start":{"line":424,"column":4},"end":{"line":457,"column":5}},"106":{"start":{"line":426,"column":24},"end":{"line":426,"column":85}},"107":{"start":{"line":429,"column":29},"end":{"line":429,"column":33}},"108":{"start":{"line":430,"column":6},"end":{"line":432,"column":7}},"109":{"start":{"line":431,"column":8},"end":{"line":431,"column":null}},"110":{"start":{"line":435,"column":19},"end":{"line":447,"column":8}},"111":{"start":{"line":449,"column":24},"end":{"line":449,"column":61}},"112":{"start":{"line":451,"column":6},"end":{"line":451,"column":null}},"113":{"start":{"line":453,"column":6},"end":{"line":453,"column":null}},"114":{"start":{"line":455,"column":6},"end":{"line":455,"column":null}},"115":{"start":{"line":456,"column":6},"end":{"line":456,"column":null}},"116":{"start":{"line":467,"column":4},"end":{"line":467,"column":null}},"117":{"start":{"line":30,"column":13},"end":{"line":30,"column":25}},"118":{"start":{"line":30,"column":13},"end":{"line":469,"column":null}}},"fnMap":{"0":{"name":"(anonymous_13)","decl":{"start":{"line":33,"column":2},"end":{"line":33,"column":null}},"loc":{"start":{"line":36,"column":47},"end":{"line":37,"column":6}}},"1":{"name":"(anonymous_14)","decl":{"start":{"line":47,"column":2},"end":{"line":47,"column":7}},"loc":{"start":{"line":50,"column":33},"end":{"line":92,"column":3}}},"2":{"name":"(anonymous_15)","decl":{"start":{"line":100,"column":2},"end":{"line":100,"column":7}},"loc":{"start":{"line":100,"column":31},"end":{"line":106,"column":3}}},"3":{"name":"(anonymous_16)","decl":{"start":{"line":113,"column":2},"end":{"line":113,"column":7}},"loc":{"start":{"line":113,"column":26},"end":{"line":115,"column":3}}},"4":{"name":"(anonymous_17)","decl":{"start":{"line":123,"column":2},"end":{"line":123,"column":7}},"loc":{"start":{"line":123,"column":45},"end":{"line":125,"column":3}}},"5":{"name":"(anonymous_18)","decl":{"start":{"line":133,"column":3},"end":{"line":133,"column":8}},"loc":{"start":{"line":133,"column":42},"end":{"line":157,"column":3}}},"6":{"name":"(anonymous_19)","decl":{"start":{"line":164,"column":2},"end":{"line":164,"column":7}},"loc":{"start":{"line":164,"column":32},"end":{"line":177,"column":3}}},"7":{"name":"(anonymous_20)","decl":{"start":{"line":185,"column":2},"end":{"line":185,"column":14}},"loc":{"start":{"line":185,"column":31},"end":{"line":260,"column":3}}},"8":{"name":"(anonymous_21)","decl":{"start":{"line":266,"column":10},"end":{"line":266,"column":35}},"loc":{"start":{"line":266,"column":52},"end":{"line":284,"column":3}}},"9":{"name":"(anonymous_22)","decl":{"start":{"line":292,"column":10},"end":{"line":292,"column":33}},"loc":{"start":{"line":292,"column":57},"end":{"line":306,"column":3}}},"10":{"name":"(anonymous_23)","decl":{"start":{"line":313,"column":10},"end":{"line":313,"column":32}},"loc":{"start":{"line":313,"column":43},"end":{"line":325,"column":3}}},"11":{"name":"(anonymous_24)","decl":{"start":{"line":335,"column":2},"end":{"line":335,"column":7}},"loc":{"start":{"line":335,"column":47},"end":{"line":357,"column":3}}},"12":{"name":"(anonymous_25)","decl":{"start":{"line":368,"column":2},"end":{"line":368,"column":7}},"loc":{"start":{"line":368,"column":59},"end":{"line":398,"column":3}}},"13":{"name":"(anonymous_26)","decl":{"start":{"line":408,"column":2},"end":{"line":408,"column":7}},"loc":{"start":{"line":411,"column":33},"end":{"line":458,"column":3}}},"14":{"name":"(anonymous_27)","decl":{"start":{"line":466,"column":2},"end":{"line":466,"column":15}},"loc":{"start":{"line":466,"column":26},"end":{"line":468,"column":3}}}},"branchMap":{"0":{"loc":{"start":{"line":52,"column":4},"end":{"line":54,"column":5}},"type":"if","locations":[{"start":{"line":52,"column":4},"end":{"line":54,"column":5}}]},"1":{"loc":{"start":{"line":77,"column":14},"end":{"line":77,"column":77}},"type":"cond-expr","locations":[{"start":{"line":77,"column":36},"end":{"line":77,"column":70}},{"start":{"line":77,"column":73},"end":{"line":77,"column":77}}]},"2":{"loc":{"start":{"line":102,"column":4},"end":{"line":104,"column":5}},"type":"if","locations":[{"start":{"line":102,"column":4},"end":{"line":104,"column":5}}]},"3":{"loc":{"start":{"line":136,"column":5},"end":{"line":138,"column":6}},"type":"if","locations":[{"start":{"line":136,"column":5},"end":{"line":138,"column":6}}]},"4":{"loc":{"start":{"line":141,"column":5},"end":{"line":143,"column":6}},"type":"if","locations":[{"start":{"line":141,"column":5},"end":{"line":143,"column":6}}]},"5":{"loc":{"start":{"line":167,"column":4},"end":{"line":169,"column":5}},"type":"if","locations":[{"start":{"line":167,"column":4},"end":{"line":169,"column":5}}]},"6":{"loc":{"start":{"line":233,"column":4},"end":{"line":237,"column":5}},"type":"if","locations":[{"start":{"line":233,"column":4},"end":{"line":237,"column":5}}]},"7":{"loc":{"start":{"line":239,"column":4},"end":{"line":241,"column":5}},"type":"if","locations":[{"start":{"line":239,"column":4},"end":{"line":241,"column":5}}]},"8":{"loc":{"start":{"line":247,"column":4},"end":{"line":249,"column":5}},"type":"if","locations":[{"start":{"line":247,"column":4},"end":{"line":249,"column":5}}]},"9":{"loc":{"start":{"line":252,"column":4},"end":{"line":256,"column":5}},"type":"if","locations":[{"start":{"line":252,"column":4},"end":{"line":256,"column":5}}]},"10":{"loc":{"start":{"line":267,"column":4},"end":{"line":269,"column":5}},"type":"if","locations":[{"start":{"line":267,"column":4},"end":{"line":269,"column":5}}]},"11":{"loc":{"start":{"line":267,"column":8},"end":{"line":267,"column":48}},"type":"binary-expr","locations":[{"start":{"line":267,"column":8},"end":{"line":267,"column":20}},{"start":{"line":267,"column":24},"end":{"line":267,"column":48}}]},"12":{"loc":{"start":{"line":274,"column":4},"end":{"line":277,"column":5}},"type":"if","locations":[{"start":{"line":274,"column":4},"end":{"line":277,"column":5}}]},"13":{"loc":{"start":{"line":274,"column":8},"end":{"line":274,"column":70}},"type":"binary-expr","locations":[{"start":{"line":274,"column":8},"end":{"line":274,"column":26}},{"start":{"line":274,"column":30},"end":{"line":274,"column":48}},{"start":{"line":274,"column":52},"end":{"line":274,"column":70}}]},"14":{"loc":{"start":{"line":281,"column":4},"end":{"line":283,"column":5}},"type":"if","locations":[{"start":{"line":281,"column":4},"end":{"line":283,"column":5}}]},"15":{"loc":{"start":{"line":293,"column":4},"end":{"line":295,"column":5}},"type":"if","locations":[{"start":{"line":293,"column":4},"end":{"line":295,"column":5}}]},"16":{"loc":{"start":{"line":298,"column":4},"end":{"line":301,"column":5}},"type":"if","locations":[{"start":{"line":298,"column":4},"end":{"line":301,"column":5}}]},"17":{"loc":{"start":{"line":298,"column":8},"end":{"line":298,"column":48}},"type":"binary-expr","locations":[{"start":{"line":298,"column":8},"end":{"line":298,"column":26}},{"start":{"line":298,"column":30},"end":{"line":298,"column":48}}]},"18":{"loc":{"start":{"line":323,"column":12},"end":{"line":323,"column":57}},"type":"cond-expr","locations":[{"start":{"line":323,"column":24},"end":{"line":323,"column":45}},{"start":{"line":323,"column":48},"end":{"line":323,"column":57}}]},"19":{"loc":{"start":{"line":338,"column":4},"end":{"line":340,"column":5}},"type":"if","locations":[{"start":{"line":338,"column":4},"end":{"line":340,"column":5}}]},"20":{"loc":{"start":{"line":343,"column":4},"end":{"line":345,"column":5}},"type":"if","locations":[{"start":{"line":343,"column":4},"end":{"line":345,"column":5}}]},"21":{"loc":{"start":{"line":343,"column":8},"end":{"line":343,"column":53}},"type":"binary-expr","locations":[{"start":{"line":343,"column":8},"end":{"line":343,"column":22}},{"start":{"line":343,"column":26},"end":{"line":343,"column":53}}]},"22":{"loc":{"start":{"line":371,"column":4},"end":{"line":373,"column":5}},"type":"if","locations":[{"start":{"line":371,"column":4},"end":{"line":373,"column":5}}]},"23":{"loc":{"start":{"line":376,"column":4},"end":{"line":378,"column":5}},"type":"if","locations":[{"start":{"line":376,"column":4},"end":{"line":378,"column":5}}]},"24":{"loc":{"start":{"line":376,"column":8},"end":{"line":376,"column":53}},"type":"binary-expr","locations":[{"start":{"line":376,"column":8},"end":{"line":376,"column":22}},{"start":{"line":376,"column":26},"end":{"line":376,"column":53}}]},"25":{"loc":{"start":{"line":381,"column":4},"end":{"line":390,"column":5}},"type":"if","locations":[{"start":{"line":381,"column":4},"end":{"line":390,"column":5}}]},"26":{"loc":{"start":{"line":382,"column":6},"end":{"line":384,"column":7}},"type":"if","locations":[{"start":{"line":382,"column":6},"end":{"line":384,"column":7}}]},"27":{"loc":{"start":{"line":387,"column":6},"end":{"line":389,"column":7}},"type":"if","locations":[{"start":{"line":387,"column":6},"end":{"line":389,"column":7}}]},"28":{"loc":{"start":{"line":413,"column":4},"end":{"line":415,"column":5}},"type":"if","locations":[{"start":{"line":413,"column":4},"end":{"line":415,"column":5}}]},"29":{"loc":{"start":{"line":430,"column":6},"end":{"line":432,"column":7}},"type":"if","locations":[{"start":{"line":430,"column":6},"end":{"line":432,"column":7}}]},"30":{"loc":{"start":{"line":444,"column":14},"end":{"line":444,"column":77}},"type":"cond-expr","locations":[{"start":{"line":444,"column":36},"end":{"line":444,"column":70}},{"start":{"line":444,"column":73},"end":{"line":444,"column":77}}]},"31":{"loc":{"start":{"line":467,"column":11},"end":{"line":467,"column":63}},"type":"cond-expr","locations":[{"start":{"line":467,"column":28},"end":{"line":467,"column":55}},{"start":{"line":467,"column":58},"end":{"line":467,"column":63}}]}},"s":{"0":1,"1":1,"2":1,"3":1,"4":1,"5":1,"6":1,"7":1,"8":30,"9":30,"10":30,"11":3,"12":1,"13":2,"14":2,"15":2,"16":2,"17":2,"18":2,"19":2,"20":2,"21":2,"22":0,"23":0,"24":2,"25":2,"26":1,"27":2,"28":8,"29":11,"30":3,"31":3,"32":1,"33":2,"34":1,"35":1,"36":1,"37":1,"38":1,"39":0,"40":0,"41":3,"42":3,"43":1,"44":2,"45":2,"46":1,"47":1,"48":0,"49":0,"50":0,"51":0,"52":0,"53":0,"54":0,"55":0,"56":0,"57":0,"58":0,"59":0,"60":0,"61":0,"62":0,"63":0,"64":0,"65":0,"66":0,"67":0,"68":0,"69":0,"70":4,"71":0,"72":4,"73":0,"74":0,"75":4,"76":4,"77":4,"78":4,"79":4,"80":4,"81":1,"82":3,"83":1,"84":2,"85":6,"86":6,"87":1,"88":5,"89":1,"90":4,"91":3,"92":1,"93":2,"94":2,"95":1,"96":2,"97":2,"98":0,"99":0,"100":3,"101":1,"102":2,"103":2,"104":2,"105":2,"106":2,"107":2,"108":2,"109":1,"110":2,"111":2,"112":2,"113":2,"114":0,"115":0,"116":3,"117":1,"118":1},"f":{"0":30,"1":3,"2":2,"3":8,"4":11,"5":3,"6":3,"7":0,"8":0,"9":4,"10":4,"11":4,"12":6,"13":3,"14":3},"b":{"0":[1],"1":[1,1],"2":[1],"3":[1],"4":[1],"5":[1],"6":[0],"7":[0],"8":[0],"9":[0],"10":[0],"11":[0,0],"12":[0],"13":[0,0,0],"14":[0],"15":[0],"16":[0],"17":[4,4],"18":[0,4],"19":[1],"20":[1],"21":[3,1],"22":[1],"23":[1],"24":[5,1],"25":[3],"26":[1],"27":[1],"28":[1],"29":[1],"30":[0,2],"31":[2,1]}}
,"/Users/pierre/Documents/Formation/03/Travail/backend/src/modules/files/dto/download-file.dto.ts": {"path":"/Users/pierre/Documents/Formation/03/Travail/backend/src/modules/files/dto/download-file.dto.ts","statementMap":{"0":{"start":{"line":1,"column":0},"end":{"line":1,"column":65}},"1":{"start":{"line":7,"column":0},"end":{"line":7,"column":13}},"2":{"start":{"line":15,"column":2},"end":{"line":15,"column":null}}},"fnMap":{},"branchMap":{},"s":{"0":0,"1":0,"2":0},"f":{},"b":{}}
,"/Users/pierre/Documents/Formation/03/Travail/backend/src/modules/files/dto/download-metadata.dto.ts": {"path":"/Users/pierre/Documents/Formation/03/Travail/backend/src/modules/files/dto/download-metadata.dto.ts","statementMap":{"0":{"start":{"line":5,"column":0},"end":{"line":5,"column":13}}},"fnMap":{},"branchMap":{},"s":{"0":0},"f":{},"b":{}}
,"/Users/pierre/Documents/Formation/03/Travail/backend/src/modules/files/dto/upload-response.dto.ts": {"path":"/Users/pierre/Documents/Formation/03/Travail/backend/src/modules/files/dto/upload-response.dto.ts","statementMap":{"0":{"start":{"line":5,"column":0},"end":{"line":5,"column":13}}},"fnMap":{},"branchMap":{},"s":{"0":0},"f":{},"b":{}}
,"/Users/pierre/Documents/Formation/03/Travail/backend/src/modules/files/dto/upload.dto.ts": {"path":"/Users/pierre/Documents/Formation/03/Travail/backend/src/modules/files/dto/upload.dto.ts","statementMap":{"0":{"start":{"line":1,"column":0},"end":{"line":1,"column":76}},"1":{"start":{"line":7,"column":0},"end":{"line":7,"column":13}},"2":{"start":{"line":15,"column":2},"end":{"line":15,"column":null}},"3":{"start":{"line":24,"column":2},"end":{"line":24,"column":null}},"4":{"start":{"line":31,"column":2},"end":{"line":31,"column":null}}},"fnMap":{},"branchMap":{},"s":{"0":0,"1":0,"2":0,"3":0,"4":0},"f":{},"b":{}}
,"/Users/pierre/Documents/Formation/03/Travail/backend/src/modules/files/entities/file.entity.ts": {"path":"/Users/pierre/Documents/Formation/03/Travail/backend/src/modules/files/entities/file.entity.ts","statementMap":{"0":{"start":{"line":1,"column":0},"end":{"line":1,"column":130}},"1":{"start":{"line":2,"column":0},"end":{"line":2,"column":58}},"2":{"start":{"line":5,"column":7},"end":{"line":69,"column":null}},"3":{"start":{"line":5,"column":13},"end":{"line":5,"column":17}},"4":{"start":{"line":7,"column":2},"end":{"line":7,"column":null}},"5":{"start":{"line":15,"column":2},"end":{"line":15,"column":null}},"6":{"start":{"line":18,"column":2},"end":{"line":18,"column":null}},"7":{"start":{"line":21,"column":2},"end":{"line":21,"column":null}},"8":{"start":{"line":24,"column":2},"end":{"line":24,"column":null}},"9":{"start":{"line":27,"column":2},"end":{"line":27,"column":null}},"10":{"start":{"line":30,"column":2},"end":{"line":30,"column":null}},"11":{"start":{"line":33,"column":2},"end":{"line":33,"column":null}},"12":{"start":{"line":36,"column":2},"end":{"line":36,"column":null}},"13":{"start":{"line":40,"column":2},"end":{"line":40,"column":null}},"14":{"start":{"line":38,"column":19},"end":{"line":38,"column":23}},"15":{"start":{"line":47,"column":2},"end":{"line":47,"column":null}},"16":{"start":{"line":54,"column":2},"end":{"line":54,"column":null}},"17":{"start":{"line":62,"column":2},"end":{"line":62,"column":null}},"18":{"start":{"line":65,"column":2},"end":{"line":65,"column":null}},"19":{"start":{"line":68,"column":2},"end":{"line":68,"column":null}},"20":{"start":{"line":5,"column":13},"end":{"line":69,"column":null}}},"fnMap":{"0":{"name":"(anonymous_2)","decl":{"start":{"line":38,"column":13},"end":{"line":38,"column":16}},"loc":{"start":{"line":38,"column":19},"end":{"line":38,"column":23}}}},"branchMap":{},"s":{"0":1,"1":1,"2":1,"3":1,"4":1,"5":1,"6":1,"7":1,"8":1,"9":1,"10":1,"11":1,"12":1,"13":1,"14":0,"15":1,"16":1,"17":1,"18":1,"19":1,"20":1},"f":{"0":0},"b":{}}
,"/Users/pierre/Documents/Formation/03/Travail/backend/src/modules/files/pipes/file-validation.pipe.ts": {"path":"/Users/pierre/Documents/Formation/03/Travail/backend/src/modules/files/pipes/file-validation.pipe.ts","statementMap":{"0":{"start":{"line":1,"column":0},"end":{"line":1,"column":113}},"1":{"start":{"line":8,"column":7},"end":{"line":154,"column":null}},"2":{"start":{"line":9,"column":19},"end":{"line":9,"column":null}},"3":{"start":{"line":12,"column":19},"end":{"line":12,"column":54}},"4":{"start":{"line":15,"column":19},"end":{"line":42,"column":null}},"5":{"start":{"line":45,"column":19},"end":{"line":58,"column":null}},"6":{"start":{"line":61,"column":4},"end":{"line":63,"column":5}},"7":{"start":{"line":62,"column":6},"end":{"line":62,"column":null}},"8":{"start":{"line":66,"column":4},"end":{"line":70,"column":5}},"9":{"start":{"line":67,"column":6},"end":{"line":69,"column":null}},"10":{"start":{"line":72,"column":4},"end":{"line":74,"column":5}},"11":{"start":{"line":73,"column":6},"end":{"line":73,"column":null}},"12":{"start":{"line":77,"column":21},"end":{"line":77,"column":52}},"13":{"start":{"line":78,"column":22},"end":{"line":78,"column":67}},"14":{"start":{"line":80,"column":4},"end":{"line":82,"column":5}},"15":{"start":{"line":81,"column":6},"end":{"line":81,"column":null}},"16":{"start":{"line":85,"column":4},"end":{"line":89,"column":5}},"17":{"start":{"line":86,"column":6},"end":{"line":88,"column":null}},"18":{"start":{"line":93,"column":4},"end":{"line":93,"column":null}},"19":{"start":{"line":95,"column":4},"end":{"line":95,"column":null}},"20":{"start":{"line":103,"column":4},"end":{"line":105,"column":5}},"21":{"start":{"line":104,"column":6},"end":{"line":104,"column":12}},"22":{"start":{"line":107,"column":19},"end":{"line":107,"column":30}},"23":{"start":{"line":108,"column":21},"end":{"line":108,"column":48}},"24":{"start":{"line":111,"column":56},"end":{"line":120,"column":null}},"25":{"start":{"line":123,"column":4},"end":{"line":137,"column":5}},"26":{"start":{"line":124,"column":6},"end":{"line":136,"column":7}},"27":{"start":{"line":126,"column":33},"end":{"line":126,"column":89}},"28":{"start":{"line":126,"column":66},"end":{"line":126,"column":88}},"29":{"start":{"line":128,"column":8},"end":{"line":135,"column":9}},"30":{"start":{"line":130,"column":10},"end":{"line":134,"column":11}},"31":{"start":{"line":131,"column":12},"end":{"line":133,"column":null}},"32":{"start":{"line":140,"column":4},"end":{"line":146,"column":5}},"33":{"start":{"line":145,"column":6},"end":{"line":145,"column":null}},"34":{"start":{"line":149,"column":22},"end":{"line":149,"column":91}},"35":{"start":{"line":150,"column":4},"end":{"line":152,"column":5}},"36":{"start":{"line":151,"column":6},"end":{"line":151,"column":null}},"37":{"start":{"line":8,"column":13},"end":{"line":8,"column":31}},"38":{"start":{"line":8,"column":13},"end":{"line":154,"column":null}}},"fnMap":{"0":{"name":"(anonymous_1)","decl":{"start":{"line":8,"column":7},"end":{"line":8,"column":13}},"loc":{"start":{"line":8,"column":7},"end":{"line":154,"column":1}}},"1":{"name":"(anonymous_2)","decl":{"start":{"line":60,"column":2},"end":{"line":60,"column":11}},"loc":{"start":{"line":60,"column":37},"end":{"line":96,"column":3}}},"2":{"name":"(anonymous_3)","decl":{"start":{"line":102,"column":10},"end":{"line":102,"column":35}},"loc":{"start":{"line":102,"column":61},"end":{"line":153,"column":3}}},"3":{"name":"(anonymous_4)","decl":{"start":{"line":126,"column":49},"end":{"line":126,"column":50}},"loc":{"start":{"line":126,"column":66},"end":{"line":126,"column":88}}}},"branchMap":{"0":{"loc":{"start":{"line":61,"column":4},"end":{"line":63,"column":5}},"type":"if","locations":[{"start":{"line":61,"column":4},"end":{"line":63,"column":5}}]},"1":{"loc":{"start":{"line":66,"column":4},"end":{"line":70,"column":5}},"type":"if","locations":[{"start":{"line":66,"column":4},"end":{"line":70,"column":5}}]},"2":{"loc":{"start":{"line":72,"column":4},"end":{"line":74,"column":5}},"type":"if","locations":[{"start":{"line":72,"column":4},"end":{"line":74,"column":5}}]},"3":{"loc":{"start":{"line":80,"column":4},"end":{"line":82,"column":5}},"type":"if","locations":[{"start":{"line":80,"column":4},"end":{"line":82,"column":5}}]},"4":{"loc":{"start":{"line":85,"column":4},"end":{"line":89,"column":5}},"type":"if","locations":[{"start":{"line":85,"column":4},"end":{"line":89,"column":5}}]},"5":{"loc":{"start":{"line":103,"column":4},"end":{"line":105,"column":5}},"type":"if","locations":[{"start":{"line":103,"column":4},"end":{"line":105,"column":5}}]},"6":{"loc":{"start":{"line":103,"column":8},"end":{"line":103,"column":48}},"type":"binary-expr","locations":[{"start":{"line":103,"column":8},"end":{"line":103,"column":20}},{"start":{"line":103,"column":24},"end":{"line":103,"column":48}}]},"7":{"loc":{"start":{"line":124,"column":6},"end":{"line":136,"column":7}},"type":"if","locations":[{"start":{"line":124,"column":6},"end":{"line":136,"column":7}}]},"8":{"loc":{"start":{"line":124,"column":10},"end":{"line":124,"column":84}},"type":"binary-expr","locations":[{"start":{"line":124,"column":10},"end":{"line":124,"column":55}},{"start":{"line":124,"column":59},"end":{"line":124,"column":84}}]},"9":{"loc":{"start":{"line":128,"column":8},"end":{"line":135,"column":9}},"type":"if","locations":[{"start":{"line":128,"column":8},"end":{"line":135,"column":9}}]},"10":{"loc":{"start":{"line":128,"column":12},"end":{"line":128,"column":53}},"type":"binary-expr","locations":[{"start":{"line":128,"column":12},"end":{"line":128,"column":29}},{"start":{"line":128,"column":33},"end":{"line":128,"column":53}}]},"11":{"loc":{"start":{"line":130,"column":10},"end":{"line":134,"column":11}},"type":"if","locations":[{"start":{"line":130,"column":10},"end":{"line":134,"column":11}}]},"12":{"loc":{"start":{"line":140,"column":4},"end":{"line":146,"column":5}},"type":"if","locations":[{"start":{"line":140,"column":4},"end":{"line":146,"column":5}}]},"13":{"loc":{"start":{"line":141,"column":6},"end":{"line":143,"column":24}},"type":"binary-expr","locations":[{"start":{"line":141,"column":6},"end":{"line":141,"column":24}},{"start":{"line":142,"column":6},"end":{"line":142,"column":24}},{"start":{"line":143,"column":6},"end":{"line":143,"column":24}}]},"14":{"loc":{"start":{"line":150,"column":4},"end":{"line":152,"column":5}},"type":"if","locations":[{"start":{"line":150,"column":4},"end":{"line":152,"column":5}}]},"15":{"loc":{"start":{"line":150,"column":8},"end":{"line":150,"column":62}},"type":"binary-expr","locations":[{"start":{"line":150,"column":8},"end":{"line":150,"column":33}},{"start":{"line":150,"column":37},"end":{"line":150,"column":62}}]}},"s":{"0":0,"1":0,"2":0,"3":0,"4":0,"5":0,"6":0,"7":0,"8":0,"9":0,"10":0,"11":0,"12":0,"13":0,"14":0,"15":0,"16":0,"17":0,"18":0,"19":0,"20":0,"21":0,"22":0,"23":0,"24":0,"25":0,"26":0,"27":0,"28":0,"29":0,"30":0,"31":0,"32":0,"33":0,"34":0,"35":0,"36":0,"37":0,"38":0},"f":{"0":0,"1":0,"2":0,"3":0},"b":{"0":[0],"1":[0],"2":[0],"3":[0],"4":[0],"5":[0],"6":[0,0],"7":[0],"8":[0,0],"9":[0],"10":[0,0],"11":[0],"12":[0],"13":[0,0,0],"14":[0],"15":[0,0]}}
,"/Users/pierre/Documents/Formation/03/Travail/backend/src/modules/files/storage/local-storage.service.ts": {"path":"/Users/pierre/Documents/Formation/03/Travail/backend/src/modules/files/storage/local-storage.service.ts","statementMap":{"0":{"start":{"line":1,"column":0},"end":{"line":1,"column":51}},"1":{"start":{"line":2,"column":0},"end":{"line":2,"column":46}},"2":{"start":{"line":3,"column":0},"end":{"line":3,"column":33}},"3":{"start":{"line":4,"column":0},"end":{"line":4,"column":28}},"4":{"start":{"line":13,"column":7},"end":{"line":92,"column":null}},"5":{"start":{"line":17,"column":22},"end":{"line":17,"column":37}},"6":{"start":{"line":14,"column":19},"end":{"line":14,"column":null}},"7":{"start":{"line":18,"column":4},"end":{"line":18,"column":null}},"8":{"start":{"line":19,"column":4},"end":{"line":19,"column":null}},"9":{"start":{"line":26,"column":4},"end":{"line":31,"column":5}},"10":{"start":{"line":27,"column":6},"end":{"line":27,"column":null}},"11":{"start":{"line":28,"column":6},"end":{"line":28,"column":null}},"12":{"start":{"line":30,"column":6},"end":{"line":30,"column":null}},"13":{"start":{"line":41,"column":21},"end":{"line":41,"column":58}},"14":{"start":{"line":44,"column":16},"end":{"line":44,"column":38}},"15":{"start":{"line":45,"column":4},"end":{"line":45,"column":null}},"16":{"start":{"line":48,"column":4},"end":{"line":48,"column":null}},"17":{"start":{"line":50,"column":4},"end":{"line":50,"column":null}},"18":{"start":{"line":51,"column":4},"end":{"line":51,"column":null}},"19":{"start":{"line":61,"column":19},"end":{"line":61,"column":46}},"20":{"start":{"line":62,"column":4},"end":{"line":62,"column":null}},"21":{"start":{"line":63,"column":4},"end":{"line":63,"column":null}},"22":{"start":{"line":71,"column":4},"end":{"line":76,"column":5}},"23":{"start":{"line":72,"column":6},"end":{"line":72,"column":null}},"24":{"start":{"line":73,"column":6},"end":{"line":73,"column":null}},"25":{"start":{"line":75,"column":6},"end":{"line":75,"column":null}},"26":{"start":{"line":85,"column":4},"end":{"line":90,"column":5}},"27":{"start":{"line":86,"column":6},"end":{"line":86,"column":null}},"28":{"start":{"line":87,"column":6},"end":{"line":87,"column":null}},"29":{"start":{"line":89,"column":6},"end":{"line":89,"column":null}},"30":{"start":{"line":13,"column":13},"end":{"line":13,"column":32}},"31":{"start":{"line":13,"column":13},"end":{"line":92,"column":null}}},"fnMap":{"0":{"name":"(anonymous_11)","decl":{"start":{"line":17,"column":2},"end":{"line":17,"column":22}},"loc":{"start":{"line":17,"column":50},"end":{"line":20,"column":3}}},"1":{"name":"(anonymous_12)","decl":{"start":{"line":25,"column":10},"end":{"line":25,"column":15}},"loc":{"start":{"line":25,"column":37},"end":{"line":32,"column":3}}},"2":{"name":"(anonymous_13)","decl":{"start":{"line":40,"column":2},"end":{"line":40,"column":7}},"loc":{"start":{"line":40,"column":53},"end":{"line":52,"column":3}}},"3":{"name":"(anonymous_14)","decl":{"start":{"line":60,"column":2},"end":{"line":60,"column":7}},"loc":{"start":{"line":60,"column":32},"end":{"line":64,"column":3}}},"4":{"name":"(anonymous_15)","decl":{"start":{"line":70,"column":2},"end":{"line":70,"column":7}},"loc":{"start":{"line":70,"column":35},"end":{"line":77,"column":3}}},"5":{"name":"(anonymous_16)","decl":{"start":{"line":84,"column":2},"end":{"line":84,"column":7}},"loc":{"start":{"line":84,"column":35},"end":{"line":91,"column":3}}}},"branchMap":{"0":{"loc":{"start":{"line":18,"column":23},"end":{"line":18,"column":84}},"type":"binary-expr","locations":[{"start":{"line":18,"column":23},"end":{"line":18,"column":66}},{"start":{"line":18,"column":70},"end":{"line":18,"column":84}}]}},"s":{"0":1,"1":1,"2":1,"3":1,"4":1,"5":0,"6":0,"7":0,"8":0,"9":0,"10":0,"11":0,"12":0,"13":0,"14":0,"15":0,"16":0,"17":0,"18":0,"19":0,"20":0,"21":0,"22":0,"23":0,"24":0,"25":0,"26":0,"27":0,"28":0,"29":0,"30":1,"31":1},"f":{"0":0,"1":0,"2":0,"3":0,"4":0,"5":0},"b":{"0":[0,0]}}
,"/Users/pierre/Documents/Formation/03/Travail/backend/src/modules/users/users.controller.ts": {"path":"/Users/pierre/Documents/Formation/03/Travail/backend/src/modules/users/users.controller.ts","statementMap":{"0":{"start":{"line":1,"column":0},"end":{"line":1,"column":93}},"1":{"start":{"line":2,"column":0},"end":{"line":2,"column":46}},"2":{"start":{"line":4,"column":0},"end":{"line":4,"column":51}},"3":{"start":{"line":7,"column":7},"end":{"line":37,"column":null}},"4":{"start":{"line":8,"column":31},"end":{"line":8,"column":45}},"5":{"start":{"line":13,"column":18},"end":{"line":13,"column":51}},"6":{"start":{"line":14,"column":4},"end":{"line":14,"column":null}},"7":{"start":{"line":14,"column":31},"end":{"line":14,"column":68}},"8":{"start":{"line":20,"column":17},"end":{"line":20,"column":52}},"9":{"start":{"line":21,"column":4},"end":{"line":21,"column":null}},"10":{"start":{"line":27,"column":17},"end":{"line":27,"column":66}},"11":{"start":{"line":28,"column":4},"end":{"line":28,"column":null}},"12":{"start":{"line":34,"column":4},"end":{"line":34,"column":null}},"13":{"start":{"line":35,"column":4},"end":{"line":35,"column":null}},"14":{"start":{"line":7,"column":13},"end":{"line":7,"column":28}},"15":{"start":{"line":12,"column":8},"end":{"line":15,"column":null}},"16":{"start":{"line":19,"column":8},"end":{"line":22,"column":null}},"17":{"start":{"line":26,"column":8},"end":{"line":29,"column":null}},"18":{"start":{"line":33,"column":8},"end":{"line":36,"column":null}},"19":{"start":{"line":7,"column":13},"end":{"line":37,"column":null}}},"fnMap":{"0":{"name":"(anonymous_4)","decl":{"start":{"line":8,"column":2},"end":{"line":8,"column":31}},"loc":{"start":{"line":8,"column":57},"end":{"line":8,"column":61}}},"1":{"name":"(anonymous_5)","decl":{"start":{"line":12,"column":2},"end":{"line":12,"column":7}},"loc":{"start":{"line":12,"column":15},"end":{"line":15,"column":3}}},"2":{"name":"(anonymous_6)","decl":{"start":{"line":14,"column":21},"end":{"line":14,"column":22}},"loc":{"start":{"line":14,"column":31},"end":{"line":14,"column":68}}},"3":{"name":"(anonymous_7)","decl":{"start":{"line":19,"column":2},"end":{"line":19,"column":7}},"loc":{"start":{"line":19,"column":39},"end":{"line":22,"column":3}}},"4":{"name":"(anonymous_8)","decl":{"start":{"line":26,"column":2},"end":{"line":26,"column":7}},"loc":{"start":{"line":26,"column":85},"end":{"line":29,"column":3}}},"5":{"name":"(anonymous_9)","decl":{"start":{"line":33,"column":2},"end":{"line":33,"column":7}},"loc":{"start":{"line":33,"column":38},"end":{"line":36,"column":3}}}},"branchMap":{},"s":{"0":0,"1":0,"2":0,"3":0,"4":0,"5":0,"6":0,"7":0,"8":0,"9":0,"10":0,"11":0,"12":0,"13":0,"14":0,"15":0,"16":0,"17":0,"18":0,"19":0},"f":{"0":0,"1":0,"2":0,"3":0,"4":0,"5":0},"b":{}}
,"/Users/pierre/Documents/Formation/03/Travail/backend/src/modules/users/users.module.ts": {"path":"/Users/pierre/Documents/Formation/03/Travail/backend/src/modules/users/users.module.ts","statementMap":{"0":{"start":{"line":1,"column":0},"end":{"line":1,"column":39}},"1":{"start":{"line":2,"column":0},"end":{"line":2,"column":47}},"2":{"start":{"line":3,"column":0},"end":{"line":3,"column":52}},"3":{"start":{"line":4,"column":0},"end":{"line":4,"column":45}},"4":{"start":{"line":5,"column":0},"end":{"line":5,"column":46}},"5":{"start":{"line":6,"column":0},"end":{"line":6,"column":52}},"6":{"start":{"line":14,"column":7},"end":{"line":14,"column":null}},"7":{"start":{"line":14,"column":13},"end":{"line":14,"column":24}},"8":{"start":{"line":14,"column":13},"end":{"line":14,"column":null}}},"fnMap":{},"branchMap":{},"s":{"0":0,"1":0,"2":0,"3":0,"4":0,"5":0,"6":0,"7":0,"8":0},"f":{},"b":{}}
,"/Users/pierre/Documents/Formation/03/Travail/backend/src/modules/users/users.service.ts": {"path":"/Users/pierre/Documents/Formation/03/Travail/backend/src/modules/users/users.service.ts","statementMap":{"0":{"start":{"line":1,"column":0},"end":{"line":1,"column":43}},"1":{"start":{"line":2,"column":0},"end":{"line":2,"column":50}},"2":{"start":{"line":3,"column":0},"end":{"line":3,"column":36}},"3":{"start":{"line":4,"column":0},"end":{"line":4,"column":45}},"4":{"start":{"line":8,"column":7},"end":{"line":44,"column":null}},"5":{"start":{"line":11,"column":12},"end":{"line":11,"column":29}},"6":{"start":{"line":15,"column":17},"end":{"line":15,"column":59}},"7":{"start":{"line":16,"column":4},"end":{"line":16,"column":null}},"8":{"start":{"line":20,"column":4},"end":{"line":20,"column":null}},"9":{"start":{"line":24,"column":4},"end":{"line":24,"column":null}},"10":{"start":{"line":28,"column":4},"end":{"line":28,"column":null}},"11":{"start":{"line":32,"column":4},"end":{"line":32,"column":null}},"12":{"start":{"line":33,"column":4},"end":{"line":33,"column":null}},"13":{"start":{"line":37,"column":4},"end":{"line":37,"column":null}},"14":{"start":{"line":41,"column":36},"end":{"line":41,"column":40}},"15":{"start":{"line":42,"column":4},"end":{"line":42,"column":null}},"16":{"start":{"line":8,"column":13},"end":{"line":8,"column":25}},"17":{"start":{"line":8,"column":13},"end":{"line":44,"column":null}}},"fnMap":{"0":{"name":"(anonymous_4)","decl":{"start":{"line":9,"column":2},"end":{"line":9,"column":null}},"loc":{"start":{"line":11,"column":45},"end":{"line":12,"column":6}}},"1":{"name":"(anonymous_5)","decl":{"start":{"line":14,"column":2},"end":{"line":14,"column":7}},"loc":{"start":{"line":14,"column":43},"end":{"line":17,"column":3}}},"2":{"name":"(anonymous_6)","decl":{"start":{"line":19,"column":2},"end":{"line":19,"column":7}},"loc":{"start":{"line":19,"column":15},"end":{"line":21,"column":3}}},"3":{"name":"(anonymous_7)","decl":{"start":{"line":23,"column":2},"end":{"line":23,"column":7}},"loc":{"start":{"line":23,"column":26},"end":{"line":25,"column":3}}},"4":{"name":"(anonymous_8)","decl":{"start":{"line":27,"column":2},"end":{"line":27,"column":7}},"loc":{"start":{"line":27,"column":33},"end":{"line":29,"column":3}}},"5":{"name":"(anonymous_9)","decl":{"start":{"line":31,"column":2},"end":{"line":31,"column":7}},"loc":{"start":{"line":31,"column":55},"end":{"line":34,"column":3}}},"6":{"name":"(anonymous_10)","decl":{"start":{"line":36,"column":2},"end":{"line":36,"column":7}},"loc":{"start":{"line":36,"column":25},"end":{"line":38,"column":3}}},"7":{"name":"(anonymous_11)","decl":{"start":{"line":40,"column":2},"end":{"line":40,"column":15}},"loc":{"start":{"line":40,"column":26},"end":{"line":43,"column":3}}}},"branchMap":{},"s":{"0":2,"1":2,"2":2,"3":2,"4":2,"5":10,"6":1,"7":1,"8":1,"9":3,"10":2,"11":1,"12":1,"13":1,"14":1,"15":1,"16":2,"17":2},"f":{"0":10,"1":1,"2":1,"3":3,"4":2,"5":1,"6":1,"7":1},"b":{}}
,"/Users/pierre/Documents/Formation/03/Travail/backend/src/modules/users/dto/create-user.dto.ts": {"path":"/Users/pierre/Documents/Formation/03/Travail/backend/src/modules/users/dto/create-user.dto.ts","statementMap":{"0":{"start":{"line":1,"column":0},"end":{"line":1,"column":73}},"1":{"start":{"line":3,"column":0},"end":{"line":3,"column":13}},"2":{"start":{"line":5,"column":2},"end":{"line":5,"column":null}},"3":{"start":{"line":10,"column":2},"end":{"line":10,"column":null}},"4":{"start":{"line":14,"column":2},"end":{"line":14,"column":null}},"5":{"start":{"line":17,"column":0},"end":{"line":17,"column":13}}},"fnMap":{},"branchMap":{},"s":{"0":0,"1":0,"2":0,"3":0,"4":0,"5":0},"f":{},"b":{}}
,"/Users/pierre/Documents/Formation/03/Travail/backend/src/modules/users/entities/user.entity.ts": {"path":"/Users/pierre/Documents/Formation/03/Travail/backend/src/modules/users/entities/user.entity.ts","statementMap":{"0":{"start":{"line":1,"column":0},"end":{"line":1,"column":108}},"1":{"start":{"line":5,"column":7},"end":{"line":29,"column":null}},"2":{"start":{"line":5,"column":13},"end":{"line":5,"column":17}},"3":{"start":{"line":7,"column":2},"end":{"line":7,"column":null}},"4":{"start":{"line":10,"column":2},"end":{"line":10,"column":null}},"5":{"start":{"line":13,"column":2},"end":{"line":13,"column":null}},"6":{"start":{"line":16,"column":2},"end":{"line":16,"column":null}},"7":{"start":{"line":19,"column":2},"end":{"line":19,"column":null}},"8":{"start":{"line":22,"column":2},"end":{"line":22,"column":null}},"9":{"start":{"line":25,"column":2},"end":{"line":25,"column":null}},"10":{"start":{"line":28,"column":2},"end":{"line":28,"column":null}},"11":{"start":{"line":5,"column":13},"end":{"line":29,"column":null}}},"fnMap":{},"branchMap":{},"s":{"0":3,"1":3,"2":3,"3":3,"4":3,"5":3,"6":3,"7":3,"8":3,"9":3,"10":3,"11":3},"f":{},"b":{}}
}
