{"/Users/pierre/Documents/Formation/03/Travail/backend/src/app.module.ts": {"path":"/Users/pierre/Documents/Formation/03/Travail/backend/src/app.module.ts","statementMap":{"0":{"start":{"line":1,"column":0},"end":{"line":1,"column":39}},"1":{"start":{"line":2,"column":0},"end":{"line":2,"column":47}},"2":{"start":{"line":3,"column":0},"end":{"line":3,"column":60}},"3":{"start":{"line":4,"column":0},"end":{"line":4,"column":49}},"4":{"start":{"line":5,"column":0},"end":{"line":5,"column":61}},"5":{"start":{"line":6,"column":0},"end":{"line":6,"column":54}},"6":{"start":{"line":7,"column":0},"end":{"line":7,"column":57}},"7":{"start":{"line":8,"column":0},"end":{"line":8,"column":57}},"8":{"start":{"line":9,"column":0},"end":{"line":9,"column":58}},"9":{"start":{"line":10,"column":0},"end":{"line":10,"column":58}},"10":{"start":{"line":32,"column":7},"end":{"line":32,"column":null}},"11":{"start":{"line":32,"column":13},"end":{"line":32,"column":22}},"12":{"start":{"line":32,"column":13},"end":{"line":32,"column":null}},"13":{"start":{"line":22,"column":8},"end":{"line":22,"column":null}}},"fnMap":{"0":{"name":"(anonymous_1)","decl":{"start":{"line":21,"column":18},"end":{"line":21,"column":19}},"loc":{"start":{"line":21,"column":51},"end":{"line":23,"column":7}}}},"branchMap":{},"s":{"0":0,"1":0,"2":0,"3":0,"4":0,"5":0,"6":0,"7":0,"8":0,"9":0,"10":0,"11":0,"12":0,"13":0},"f":{"0":0},"b":{}}
,"/Users/pierre/Documents/Formation/03/Travail/backend/src/main.ts": {"path":"/Users/pierre/Documents/Formation/03/Travail/backend/src/main.ts","statementMap":{"0":{"start":{"line":1,"column":0},"end":{"line":1,"column":42}},"1":{"start":{"line":2,"column":0},"end":{"line":2,"column":47}},"2":{"start":{"line":3,"column":0},"end":{"line":3,"column":40}},"3":{"start":{"line":6,"column":14},"end":{"line":6,"column":49}},"4":{"start":{"line":9,"column":2},"end":{"line":9,"column":null}},"5":{"start":{"line":12,"column":2},"end":{"line":12,"column":null}},"6":{"start":{"line":15,"column":2},"end":{"line":18,"column":null}},"7":{"start":{"line":20,"column":15},"end":{"line":20,"column":43}},"8":{"start":{"line":21,"column":2},"end":{"line":21,"column":null}},"9":{"start":{"line":22,"column":2},"end":{"line":22,"column":null}},"10":{"start":{"line":25,"column":0},"end":{"line":25,"column":null}}},"fnMap":{"0":{"name":"bootstrap","decl":{"start":{"line":5,"column":15},"end":{"line":5,"column":24}},"loc":{"start":{"line":5,"column":24},"end":{"line":23,"column":1}}}},"branchMap":{"0":{"loc":{"start":{"line":16,"column":12},"end":{"line":16,"column":63}},"type":"binary-expr","locations":[{"start":{"line":16,"column":12},"end":{"line":16,"column":36}},{"start":{"line":16,"column":40},"end":{"line":16,"column":63}}]},"1":{"loc":{"start":{"line":20,"column":15},"end":{"line":20,"column":43}},"type":"binary-expr","locations":[{"start":{"line":20,"column":15},"end":{"line":20,"column":35}},{"start":{"line":20,"column":39},"end":{"line":20,"column":43}}]}},"s":{"0":0,"1":0,"2":0,"3":0,"4":0,"5":0,"6":0,"7":0,"8":0,"9":0,"10":0},"f":{"0":0},"b":{"0":[0,0],"1":[0,0]}}
,"/Users/pierre/Documents/Formation/03/Travail/backend/src/common/guards/jwt.guard.ts": {"path":"/Users/pierre/Documents/Formation/03/Travail/backend/src/common/guards/jwt.guard.ts","statementMap":{"0":{"start":{"line":1,"column":0},"end":{"line":1,"column":97}},"1":{"start":{"line":2,"column":0},"end":{"line":2,"column":40}},"2":{"start":{"line":5,"column":7},"end":{"line":25,"column":null}},"3":{"start":{"line":6,"column":22},"end":{"line":6,"column":34}},"4":{"start":{"line":9,"column":20},"end":{"line":9,"column":55}},"5":{"start":{"line":10,"column":23},"end":{"line":10,"column":52}},"6":{"start":{"line":12,"column":4},"end":{"line":14,"column":5}},"7":{"start":{"line":13,"column":6},"end":{"line":13,"column":null}},"8":{"start":{"line":16,"column":18},"end":{"line":16,"column":51}},"9":{"start":{"line":17,"column":4},"end":{"line":23,"column":5}},"10":{"start":{"line":18,"column":22},"end":{"line":18,"column":51}},"11":{"start":{"line":19,"column":6},"end":{"line":19,"column":null}},"12":{"start":{"line":20,"column":6},"end":{"line":20,"column":null}},"13":{"start":{"line":22,"column":6},"end":{"line":22,"column":null}},"14":{"start":{"line":5,"column":13},"end":{"line":5,"column":21}},"15":{"start":{"line":5,"column":13},"end":{"line":25,"column":null}}},"fnMap":{"0":{"name":"(anonymous_2)","decl":{"start":{"line":6,"column":2},"end":{"line":6,"column":22}},"loc":{"start":{"line":6,"column":44},"end":{"line":6,"column":48}}},"1":{"name":"(anonymous_3)","decl":{"start":{"line":8,"column":2},"end":{"line":8,"column":7}},"loc":{"start":{"line":8,"column":45},"end":{"line":24,"column":3}}}},"branchMap":{"0":{"loc":{"start":{"line":12,"column":4},"end":{"line":14,"column":5}},"type":"if","locations":[{"start":{"line":12,"column":4},"end":{"line":14,"column":5}}]}},"s":{"0":0,"1":0,"2":0,"3":0,"4":0,"5":0,"6":0,"7":0,"8":0,"9":0,"10":0,"11":0,"12":0,"13":0,"14":0,"15":0},"f":{"0":0,"1":0},"b":{"0":[0]}}
,"/Users/pierre/Documents/Formation/03/Travail/backend/src/common/tasks/tasks.service.ts": {"path":"/Users/pierre/Documents/Formation/03/Travail/backend/src/common/tasks/tasks.service.ts","statementMap":{"0":{"start":{"line":1,"column":0},"end":{"line":1,"column":43}},"1":{"start":{"line":2,"column":0},"end":{"line":2,"column":55}},"2":{"start":{"line":3,"column":0},"end":{"line":3,"column":50}},"3":{"start":{"line":4,"column":0},"end":{"line":4,"column":46}},"4":{"start":{"line":5,"column":0},"end":{"line":5,"column":58}},"5":{"start":{"line":6,"column":0},"end":{"line":6,"column":24}},"6":{"start":{"line":9,"column":7},"end":{"line":32,"column":null}},"7":{"start":{"line":12,"column":12},"end":{"line":12,"column":29}},"8":{"start":{"line":17,"column":25},"end":{"line":21,"column":6}},"9":{"start":{"line":23,"column":4},"end":{"line":28,"column":5}},"10":{"start":{"line":24,"column":6},"end":{"line":26,"column":7}},"11":{"start":{"line":25,"column":8},"end":{"line":25,"column":null}},"12":{"start":{"line":27,"column":6},"end":{"line":27,"column":null}},"13":{"start":{"line":30,"column":4},"end":{"line":30,"column":null}},"14":{"start":{"line":9,"column":13},"end":{"line":9,"column":25}},"15":{"start":{"line":16,"column":8},"end":{"line":31,"column":null}},"16":{"start":{"line":9,"column":13},"end":{"line":32,"column":null}}},"fnMap":{"0":{"name":"(anonymous_4)","decl":{"start":{"line":10,"column":2},"end":{"line":10,"column":null}},"loc":{"start":{"line":12,"column":45},"end":{"line":13,"column":6}}},"1":{"name":"(anonymous_5)","decl":{"start":{"line":16,"column":2},"end":{"line":16,"column":7}},"loc":{"start":{"line":16,"column":26},"end":{"line":31,"column":3}}}},"branchMap":{"0":{"loc":{"start":{"line":24,"column":6},"end":{"line":26,"column":7}},"type":"if","locations":[{"start":{"line":24,"column":6},"end":{"line":26,"column":7}}]}},"s":{"0":0,"1":0,"2":0,"3":0,"4":0,"5":0,"6":0,"7":0,"8":0,"9":0,"10":0,"11":0,"12":0,"13":0,"14":0,"15":0,"16":0},"f":{"0":0,"1":0},"b":{"0":[0]}}
,"/Users/pierre/Documents/Formation/03/Travail/backend/src/config/typeorm.config.ts": {"path":"/Users/pierre/Documents/Formation/03/Travail/backend/src/config/typeorm.config.ts","statementMap":{"0":{"start":{"line":1,"column":0},"end":{"line":1,"column":43}},"1":{"start":{"line":2,"column":0},"end":{"line":2,"column":46}},"2":{"start":{"line":4,"column":0},"end":{"line":4,"column":58}},"3":{"start":{"line":5,"column":0},"end":{"line":5,"column":58}},"4":{"start":{"line":8,"column":7},"end":{"line":20,"column":null}},"5":{"start":{"line":9,"column":22},"end":{"line":9,"column":37}},"6":{"start":{"line":12,"column":4},"end":{"line":18,"column":null}},"7":{"start":{"line":8,"column":13},"end":{"line":8,"column":33}},"8":{"start":{"line":8,"column":13},"end":{"line":20,"column":null}}},"fnMap":{"0":{"name":"(anonymous_2)","decl":{"start":{"line":9,"column":2},"end":{"line":9,"column":22}},"loc":{"start":{"line":9,"column":50},"end":{"line":9,"column":54}}},"1":{"name":"(anonymous_3)","decl":{"start":{"line":11,"column":2},"end":{"line":11,"column":22}},"loc":{"start":{"line":11,"column":22},"end":{"line":19,"column":3}}}},"branchMap":{},"s":{"0":0,"1":0,"2":0,"3":0,"4":0,"5":0,"6":0,"7":0,"8":0},"f":{"0":0,"1":0},"b":{}}
,"/Users/pierre/Documents/Formation/03/Travail/backend/src/migrations/1704844800000-CreateUsersTable.ts": {"path":"/Users/pierre/Documents/Formation/03/Travail/backend/src/migrations/1704844800000-CreateUsersTable.ts","statementMap":{"0":{"start":{"line":1,"column":0},"end":{"line":1,"column":77}},"1":{"start":{"line":5,"column":4},"end":{"line":68,"column":null}},"2":{"start":{"line":72,"column":4},"end":{"line":72,"column":null}},"3":{"start":{"line":3,"column":0},"end":{"line":3,"column":13}}},"fnMap":{"0":{"name":"(anonymous_0)","decl":{"start":{"line":4,"column":9},"end":{"line":4,"column":14}},"loc":{"start":{"line":4,"column":42},"end":{"line":69,"column":3}}},"1":{"name":"(anonymous_1)","decl":{"start":{"line":71,"column":9},"end":{"line":71,"column":14}},"loc":{"start":{"line":71,"column":44},"end":{"line":73,"column":3}}}},"branchMap":{},"s":{"0":0,"1":0,"2":0,"3":0},"f":{"0":0,"1":0},"b":{}}
,"/Users/pierre/Documents/Formation/03/Travail/backend/src/migrations/1704844800001-CreateFilesTable.ts": {"path":"/Users/pierre/Documents/Formation/03/Travail/backend/src/migrations/1704844800001-CreateFilesTable.ts","statementMap":{"0":{"start":{"line":1,"column":0},"end":{"line":1,"column":81}},"1":{"start":{"line":5,"column":4},"end":{"line":83,"column":null}},"2":{"start":{"line":87,"column":4},"end":{"line":87,"column":null}},"3":{"start":{"line":3,"column":0},"end":{"line":3,"column":13}}},"fnMap":{"0":{"name":"(anonymous_0)","decl":{"start":{"line":4,"column":9},"end":{"line":4,"column":14}},"loc":{"start":{"line":4,"column":42},"end":{"line":84,"column":3}}},"1":{"name":"(anonymous_1)","decl":{"start":{"line":86,"column":9},"end":{"line":86,"column":14}},"loc":{"start":{"line":86,"column":44},"end":{"line":88,"column":3}}}},"branchMap":{},"s":{"0":0,"1":0,"2":0,"3":0},"f":{"0":0,"1":0},"b":{}}
,"/Users/pierre/Documents/Formation/03/Travail/backend/src/modules/auth/auth.controller.ts": {"path":"/Users/pierre/Documents/Formation/03/Travail/backend/src/modules/auth/auth.controller.ts","statementMap":{"0":{"start":{"line":1,"column":0},"end":{"line":1,"column":76}},"1":{"start":{"line":2,"column":0},"end":{"line":2,"column":44}},"2":{"start":{"line":3,"column":0},"end":{"line":3,"column":71}},"3":{"start":{"line":4,"column":0},"end":{"line":4,"column":51}},"4":{"start":{"line":7,"column":7},"end":{"line":33,"column":null}},"5":{"start":{"line":8,"column":31},"end":{"line":8,"column":44}},"6":{"start":{"line":12,"column":4},"end":{"line":12,"column":null}},"7":{"start":{"line":17,"column":4},"end":{"line":17,"column":null}},"8":{"start":{"line":23,"column":4},"end":{"line":26,"column":null}},"9":{"start":{"line":31,"column":4},"end":{"line":31,"column":null}},"10":{"start":{"line":7,"column":13},"end":{"line":7,"column":27}},"11":{"start":{"line":11,"column":8},"end":{"line":13,"column":null}},"12":{"start":{"line":16,"column":8},"end":{"line":18,"column":null}},"13":{"start":{"line":22,"column":8},"end":{"line":27,"column":null}},"14":{"start":{"line":30,"column":8},"end":{"line":32,"column":null}},"15":{"start":{"line":7,"column":13},"end":{"line":33,"column":null}}},"fnMap":{"0":{"name":"(anonymous_4)","decl":{"start":{"line":8,"column":2},"end":{"line":8,"column":31}},"loc":{"start":{"line":8,"column":55},"end":{"line":8,"column":59}}},"1":{"name":"(anonymous_5)","decl":{"start":{"line":11,"column":2},"end":{"line":11,"column":7}},"loc":{"start":{"line":11,"column":49},"end":{"line":13,"column":3}}},"2":{"name":"(anonymous_6)","decl":{"start":{"line":16,"column":2},"end":{"line":16,"column":7}},"loc":{"start":{"line":16,"column":40},"end":{"line":18,"column":3}}},"3":{"name":"(anonymous_7)","decl":{"start":{"line":22,"column":2},"end":{"line":22,"column":7}},"loc":{"start":{"line":22,"column":26},"end":{"line":27,"column":3}}},"4":{"name":"(anonymous_8)","decl":{"start":{"line":30,"column":2},"end":{"line":30,"column":7}},"loc":{"start":{"line":30,"column":14},"end":{"line":32,"column":3}}}},"branchMap":{},"s":{"0":0,"1":0,"2":0,"3":0,"4":0,"5":0,"6":0,"7":0,"8":0,"9":0,"10":0,"11":0,"12":0,"13":0,"14":0,"15":0},"f":{"0":0,"1":0,"2":0,"3":0,"4":0},"b":{}}
,"/Users/pierre/Documents/Formation/03/Travail/backend/src/modules/auth/auth.module.ts": {"path":"/Users/pierre/Documents/Formation/03/Travail/backend/src/modules/auth/auth.module.ts","statementMap":{"0":{"start":{"line":1,"column":0},"end":{"line":1,"column":39}},"1":{"start":{"line":2,"column":0},"end":{"line":2,"column":49}},"2":{"start":{"line":3,"column":0},"end":{"line":3,"column":52}},"3":{"start":{"line":4,"column":0},"end":{"line":4,"column":44}},"4":{"start":{"line":5,"column":0},"end":{"line":5,"column":50}},"5":{"start":{"line":6,"column":0},"end":{"line":6,"column":55}},"6":{"start":{"line":7,"column":0},"end":{"line":7,"column":57}},"7":{"start":{"line":15,"column":7},"end":{"line":15,"column":null}},"8":{"start":{"line":15,"column":13},"end":{"line":15,"column":23}},"9":{"start":{"line":15,"column":13},"end":{"line":15,"column":null}}},"fnMap":{},"branchMap":{},"s":{"0":0,"1":0,"2":0,"3":0,"4":0,"5":0,"6":0,"7":0,"8":0,"9":0},"f":{},"b":{}}
,"/Users/pierre/Documents/Formation/03/Travail/backend/src/modules/auth/auth.service.ts": {"path":"/Users/pierre/Documents/Formation/03/Travail/backend/src/modules/auth/auth.service.ts","statementMap":{"0":{"start":{"line":1,"column":0},"end":{"line":1,"column":87}},"1":{"start":{"line":2,"column":0},"end":{"line":2,"column":40}},"2":{"start":{"line":3,"column":0},"end":{"line":3,"column":46}},"3":{"start":{"line":4,"column":0},"end":{"line":4,"column":34}},"4":{"start":{"line":5,"column":0},"end":{"line":5,"column":59}},"5":{"start":{"line":9,"column":7},"end":{"line":77,"column":null}},"6":{"start":{"line":11,"column":12},"end":{"line":11,"column":26}},"7":{"start":{"line":12,"column":12},"end":{"line":12,"column":24}},"8":{"start":{"line":13,"column":12},"end":{"line":13,"column":27}},"9":{"start":{"line":17,"column":25},"end":{"line":17,"column":79}},"10":{"start":{"line":18,"column":4},"end":{"line":20,"column":5}},"11":{"start":{"line":19,"column":6},"end":{"line":19,"column":null}},"12":{"start":{"line":22,"column":27},"end":{"line":22,"column":70}},"13":{"start":{"line":23,"column":17},"end":{"line":27,"column":6}},"14":{"start":{"line":29,"column":18},"end":{"line":29,"column":57}},"15":{"start":{"line":30,"column":4},"end":{"line":38,"column":null}},"16":{"start":{"line":42,"column":17},"end":{"line":42,"column":68}},"17":{"start":{"line":43,"column":4},"end":{"line":45,"column":5}},"18":{"start":{"line":44,"column":6},"end":{"line":44,"column":null}},"19":{"start":{"line":47,"column":26},"end":{"line":47,"column":80}},"20":{"start":{"line":48,"column":4},"end":{"line":50,"column":5}},"21":{"start":{"line":49,"column":6},"end":{"line":49,"column":null}},"22":{"start":{"line":52,"column":18},"end":{"line":52,"column":57}},"23":{"start":{"line":53,"column":4},"end":{"line":61,"column":null}},"24":{"start":{"line":65,"column":4},"end":{"line":69,"column":5}},"25":{"start":{"line":66,"column":6},"end":{"line":66,"column":null}},"26":{"start":{"line":68,"column":6},"end":{"line":68,"column":null}},"27":{"start":{"line":73,"column":4},"end":{"line":75,"column":null}},"28":{"start":{"line":9,"column":13},"end":{"line":9,"column":24}},"29":{"start":{"line":9,"column":13},"end":{"line":77,"column":null}}},"fnMap":{"0":{"name":"(anonymous_2)","decl":{"start":{"line":10,"column":2},"end":{"line":10,"column":null}},"loc":{"start":{"line":13,"column":40},"end":{"line":14,"column":6}}},"1":{"name":"(anonymous_3)","decl":{"start":{"line":16,"column":2},"end":{"line":16,"column":7}},"loc":{"start":{"line":16,"column":41},"end":{"line":39,"column":3}}},"2":{"name":"(anonymous_4)","decl":{"start":{"line":41,"column":2},"end":{"line":41,"column":7}},"loc":{"start":{"line":41,"column":32},"end":{"line":62,"column":3}}},"3":{"name":"(anonymous_5)","decl":{"start":{"line":64,"column":2},"end":{"line":64,"column":7}},"loc":{"start":{"line":64,"column":35},"end":{"line":70,"column":3}}},"4":{"name":"(anonymous_6)","decl":{"start":{"line":72,"column":10},"end":{"line":72,"column":23}},"loc":{"start":{"line":72,"column":53},"end":{"line":76,"column":3}}}},"branchMap":{"0":{"loc":{"start":{"line":18,"column":4},"end":{"line":20,"column":5}},"type":"if","locations":[{"start":{"line":18,"column":4},"end":{"line":20,"column":5}}]},"1":{"loc":{"start":{"line":43,"column":4},"end":{"line":45,"column":5}},"type":"if","locations":[{"start":{"line":43,"column":4},"end":{"line":45,"column":5}}]},"2":{"loc":{"start":{"line":48,"column":4},"end":{"line":50,"column":5}},"type":"if","locations":[{"start":{"line":48,"column":4},"end":{"line":50,"column":5}}]}},"s":{"0":0,"1":0,"2":0,"3":0,"4":0,"5":0,"6":0,"7":0,"8":0,"9":0,"10":0,"11":0,"12":0,"13":0,"14":0,"15":0,"16":0,"17":0,"18":0,"19":0,"20":0,"21":0,"22":0,"23":0,"24":0,"25":0,"26":0,"27":0,"28":0,"29":0},"f":{"0":0,"1":0,"2":0,"3":0,"4":0},"b":{"0":[0],"1":[0],"2":[0]}}
,"/Users/pierre/Documents/Formation/03/Travail/backend/src/modules/auth/dto/auth.dto.ts": {"path":"/Users/pierre/Documents/Formation/03/Travail/backend/src/modules/auth/dto/auth.dto.ts","statementMap":{"0":{"start":{"line":1,"column":0},"end":{"line":1,"column":62}},"1":{"start":{"line":3,"column":0},"end":{"line":3,"column":13}},"2":{"start":{"line":5,"column":2},"end":{"line":5,"column":null}},"3":{"start":{"line":9,"column":2},"end":{"line":9,"column":null}},"4":{"start":{"line":12,"column":0},"end":{"line":12,"column":13}},"5":{"start":{"line":14,"column":2},"end":{"line":14,"column":null}},"6":{"start":{"line":18,"column":2},"end":{"line":18,"column":null}},"7":{"start":{"line":22,"column":2},"end":{"line":22,"column":null}},"8":{"start":{"line":25,"column":0},"end":{"line":25,"column":13}}},"fnMap":{},"branchMap":{},"s":{"0":0,"1":0,"2":0,"3":0,"4":0,"5":0,"6":0,"7":0,"8":0},"f":{},"b":{}}
,"/Users/pierre/Documents/Formation/03/Travail/backend/src/modules/auth/strategies/jwt.strategy.ts": {"path":"/Users/pierre/Documents/Formation/03/Travail/backend/src/modules/auth/strategies/jwt.strategy.ts","statementMap":{"0":{"start":{"line":1,"column":0},"end":{"line":1,"column":43}},"1":{"start":{"line":2,"column":0},"end":{"line":2,"column":51}},"2":{"start":{"line":3,"column":0},"end":{"line":3,"column":51}},"3":{"start":{"line":4,"column":0},"end":{"line":4,"column":46}},"4":{"start":{"line":7,"column":7},"end":{"line":19,"column":null}},"5":{"start":{"line":9,"column":4},"end":{"line":13,"column":null}},"6":{"start":{"line":8,"column":22},"end":{"line":8,"column":37}},"7":{"start":{"line":17,"column":4},"end":{"line":17,"column":null}},"8":{"start":{"line":7,"column":13},"end":{"line":7,"column":24}},"9":{"start":{"line":7,"column":13},"end":{"line":19,"column":null}}},"fnMap":{"0":{"name":"(anonymous_2)","decl":{"start":{"line":8,"column":2},"end":{"line":8,"column":22}},"loc":{"start":{"line":8,"column":50},"end":{"line":14,"column":3}}},"1":{"name":"(anonymous_3)","decl":{"start":{"line":16,"column":2},"end":{"line":16,"column":7}},"loc":{"start":{"line":16,"column":29},"end":{"line":18,"column":3}}}},"branchMap":{},"s":{"0":0,"1":0,"2":0,"3":0,"4":0,"5":0,"6":0,"7":0,"8":0,"9":0},"f":{"0":0,"1":0},"b":{}}
,"/Users/pierre/Documents/Formation/03/Travail/backend/src/modules/files/files.controller.ts": {"path":"/Users/pierre/Documents/Formation/03/Travail/backend/src/modules/files/files.controller.ts","statementMap":{"0":{"start":{"line":1,"column":0},"end":{"line":1,"column":null}},"1":{"start":{"line":14,"column":0},"end":{"line":14,"column":58}},"2":{"start":{"line":15,"column":0},"end":{"line":15,"column":46}},"3":{"start":{"line":16,"column":0},"end":{"line":16,"column":51}},"4":{"start":{"line":20,"column":7},"end":{"line":55,"column":null}},"5":{"start":{"line":21,"column":31},"end":{"line":21,"column":45}},"6":{"start":{"line":27,"column":4},"end":{"line":29,"column":5}},"7":{"start":{"line":28,"column":6},"end":{"line":28,"column":null}},"8":{"start":{"line":30,"column":4},"end":{"line":30,"column":null}},"9":{"start":{"line":36,"column":4},"end":{"line":36,"column":null}},"10":{"start":{"line":42,"column":33},"end":{"line":42,"column":74}},"11":{"start":{"line":43,"column":4},"end":{"line":46,"column":null}},"12":{"start":{"line":52,"column":4},"end":{"line":52,"column":null}},"13":{"start":{"line":53,"column":4},"end":{"line":53,"column":null}},"14":{"start":{"line":20,"column":13},"end":{"line":20,"column":28}},"15":{"start":{"line":26,"column":8},"end":{"line":31,"column":null}},"16":{"start":{"line":35,"column":8},"end":{"line":37,"column":null}},"17":{"start":{"line":41,"column":8},"end":{"line":47,"column":null}},"18":{"start":{"line":51,"column":8},"end":{"line":54,"column":null}},"19":{"start":{"line":20,"column":13},"end":{"line":55,"column":null}}},"fnMap":{"0":{"name":"(anonymous_4)","decl":{"start":{"line":21,"column":2},"end":{"line":21,"column":31}},"loc":{"start":{"line":21,"column":57},"end":{"line":21,"column":61}}},"1":{"name":"(anonymous_5)","decl":{"start":{"line":26,"column":2},"end":{"line":26,"column":7}},"loc":{"start":{"line":26,"column":73},"end":{"line":31,"column":3}}},"2":{"name":"(anonymous_6)","decl":{"start":{"line":35,"column":2},"end":{"line":35,"column":7}},"loc":{"start":{"line":35,"column":31},"end":{"line":37,"column":3}}},"3":{"name":"(anonymous_7)","decl":{"start":{"line":41,"column":2},"end":{"line":41,"column":7}},"loc":{"start":{"line":41,"column":40},"end":{"line":47,"column":3}}},"4":{"name":"(anonymous_8)","decl":{"start":{"line":51,"column":2},"end":{"line":51,"column":7}},"loc":{"start":{"line":51,"column":38},"end":{"line":54,"column":3}}}},"branchMap":{"0":{"loc":{"start":{"line":27,"column":4},"end":{"line":29,"column":5}},"type":"if","locations":[{"start":{"line":27,"column":4},"end":{"line":29,"column":5}}]}},"s":{"0":0,"1":0,"2":0,"3":0,"4":0,"5":0,"6":0,"7":0,"8":0,"9":0,"10":0,"11":0,"12":0,"13":0,"14":0,"15":0,"16":0,"17":0,"18":0,"19":0},"f":{"0":0,"1":0,"2":0,"3":0,"4":0},"b":{"0":[0]}}
,"/Users/pierre/Documents/Formation/03/Travail/backend/src/modules/files/files.module.ts": {"path":"/Users/pierre/Documents/Formation/03/Travail/backend/src/modules/files/files.module.ts","statementMap":{"0":{"start":{"line":1,"column":0},"end":{"line":1,"column":39}},"1":{"start":{"line":2,"column":0},"end":{"line":2,"column":47}},"2":{"start":{"line":3,"column":0},"end":{"line":3,"column":54}},"3":{"start":{"line":4,"column":0},"end":{"line":4,"column":45}},"4":{"start":{"line":5,"column":0},"end":{"line":5,"column":46}},"5":{"start":{"line":6,"column":0},"end":{"line":6,"column":52}},"6":{"start":{"line":14,"column":7},"end":{"line":14,"column":null}},"7":{"start":{"line":14,"column":13},"end":{"line":14,"column":24}},"8":{"start":{"line":14,"column":13},"end":{"line":14,"column":null}}},"fnMap":{},"branchMap":{},"s":{"0":0,"1":0,"2":0,"3":0,"4":0,"5":0,"6":0,"7":0,"8":0},"f":{},"b":{}}
,"/Users/pierre/Documents/Formation/03/Travail/backend/src/modules/files/files.service.ts": {"path":"/Users/pierre/Documents/Formation/03/Travail/backend/src/modules/files/files.service.ts","statementMap":{"0":{"start":{"line":1,"column":0},"end":{"line":1,"column":43}},"1":{"start":{"line":2,"column":0},"end":{"line":2,"column":50}},"2":{"start":{"line":3,"column":0},"end":{"line":3,"column":36}},"3":{"start":{"line":4,"column":0},"end":{"line":4,"column":46}},"4":{"start":{"line":5,"column":0},"end":{"line":5,"column":45}},"5":{"start":{"line":6,"column":0},"end":{"line":6,"column":24}},"6":{"start":{"line":7,"column":0},"end":{"line":7,"column":28}},"7":{"start":{"line":10,"column":7},"end":{"line":75,"column":null}},"8":{"start":{"line":15,"column":12},"end":{"line":15,"column":29}},"9":{"start":{"line":16,"column":12},"end":{"line":16,"column":27}},"10":{"start":{"line":18,"column":4},"end":{"line":18,"column":null}},"11":{"start":{"line":19,"column":4},"end":{"line":21,"column":5}},"12":{"start":{"line":20,"column":6},"end":{"line":20,"column":null}},"13":{"start":{"line":25,"column":21},"end":{"line":25,"column":61}},"14":{"start":{"line":26,"column":21},"end":{"line":26,"column":58}},"15":{"start":{"line":28,"column":4},"end":{"line":28,"column":null}},"16":{"start":{"line":30,"column":17},"end":{"line":38,"column":6}},"17":{"start":{"line":40,"column":4},"end":{"line":40,"column":null}},"18":{"start":{"line":44,"column":18},"end":{"line":44,"column":65}},"19":{"start":{"line":45,"column":4},"end":{"line":47,"column":5}},"20":{"start":{"line":46,"column":6},"end":{"line":46,"column":null}},"21":{"start":{"line":48,"column":4},"end":{"line":48,"column":null}},"22":{"start":{"line":52,"column":4},"end":{"line":52,"column":null}},"23":{"start":{"line":56,"column":17},"end":{"line":56,"column":39}},"24":{"start":{"line":57,"column":4},"end":{"line":62,"column":5}},"25":{"start":{"line":58,"column":6},"end":{"line":60,"column":7}},"26":{"start":{"line":59,"column":8},"end":{"line":59,"column":null}},"27":{"start":{"line":61,"column":6},"end":{"line":61,"column":null}},"28":{"start":{"line":66,"column":17},"end":{"line":66,"column":39}},"29":{"start":{"line":67,"column":4},"end":{"line":69,"column":5}},"30":{"start":{"line":68,"column":6},"end":{"line":68,"column":null}},"31":{"start":{"line":70,"column":4},"end":{"line":73,"column":null}},"32":{"start":{"line":10,"column":13},"end":{"line":10,"column":25}},"33":{"start":{"line":10,"column":13},"end":{"line":75,"column":null}}},"fnMap":{"0":{"name":"(anonymous_4)","decl":{"start":{"line":13,"column":2},"end":{"line":13,"column":null}},"loc":{"start":{"line":16,"column":40},"end":{"line":22,"column":3}}},"1":{"name":"(anonymous_5)","decl":{"start":{"line":24,"column":2},"end":{"line":24,"column":7}},"loc":{"start":{"line":24,"column":60},"end":{"line":41,"column":3}}},"2":{"name":"(anonymous_6)","decl":{"start":{"line":43,"column":2},"end":{"line":43,"column":7}},"loc":{"start":{"line":43,"column":31},"end":{"line":49,"column":3}}},"3":{"name":"(anonymous_7)","decl":{"start":{"line":51,"column":2},"end":{"line":51,"column":7}},"loc":{"start":{"line":51,"column":26},"end":{"line":53,"column":3}}},"4":{"name":"(anonymous_8)","decl":{"start":{"line":55,"column":2},"end":{"line":55,"column":7}},"loc":{"start":{"line":55,"column":25},"end":{"line":63,"column":3}}},"5":{"name":"(anonymous_9)","decl":{"start":{"line":65,"column":2},"end":{"line":65,"column":7}},"loc":{"start":{"line":65,"column":32},"end":{"line":74,"column":3}}}},"branchMap":{"0":{"loc":{"start":{"line":18,"column":23},"end":{"line":18,"column":84}},"type":"binary-expr","locations":[{"start":{"line":18,"column":23},"end":{"line":18,"column":66}},{"start":{"line":18,"column":70},"end":{"line":18,"column":84}}]},"1":{"loc":{"start":{"line":19,"column":4},"end":{"line":21,"column":5}},"type":"if","locations":[{"start":{"line":19,"column":4},"end":{"line":21,"column":5}}]},"2":{"loc":{"start":{"line":45,"column":4},"end":{"line":47,"column":5}},"type":"if","locations":[{"start":{"line":45,"column":4},"end":{"line":47,"column":5}}]},"3":{"loc":{"start":{"line":57,"column":4},"end":{"line":62,"column":5}},"type":"if","locations":[{"start":{"line":57,"column":4},"end":{"line":62,"column":5}}]},"4":{"loc":{"start":{"line":58,"column":6},"end":{"line":60,"column":7}},"type":"if","locations":[{"start":{"line":58,"column":6},"end":{"line":60,"column":7}}]},"5":{"loc":{"start":{"line":67,"column":4},"end":{"line":69,"column":5}},"type":"if","locations":[{"start":{"line":67,"column":4},"end":{"line":69,"column":5}}]},"6":{"loc":{"start":{"line":67,"column":8},"end":{"line":67,"column":42}},"type":"binary-expr","locations":[{"start":{"line":67,"column":8},"end":{"line":67,"column":13}},{"start":{"line":67,"column":17},"end":{"line":67,"column":42}}]}},"s":{"0":0,"1":0,"2":0,"3":0,"4":0,"5":0,"6":0,"7":0,"8":0,"9":0,"10":0,"11":0,"12":0,"13":0,"14":0,"15":0,"16":0,"17":0,"18":0,"19":0,"20":0,"21":0,"22":0,"23":0,"24":0,"25":0,"26":0,"27":0,"28":0,"29":0,"30":0,"31":0,"32":0,"33":0},"f":{"0":0,"1":0,"2":0,"3":0,"4":0,"5":0},"b":{"0":[0,0],"1":[0],"2":[0],"3":[0],"4":[0],"5":[0],"6":[0,0]}}
,"/Users/pierre/Documents/Formation/03/Travail/backend/src/modules/files/entities/file.entity.ts": {"path":"/Users/pierre/Documents/Formation/03/Travail/backend/src/modules/files/entities/file.entity.ts","statementMap":{"0":{"start":{"line":1,"column":0},"end":{"line":1,"column":123}},"1":{"start":{"line":2,"column":0},"end":{"line":2,"column":58}},"2":{"start":{"line":5,"column":7},"end":{"line":42,"column":null}},"3":{"start":{"line":5,"column":13},"end":{"line":5,"column":17}},"4":{"start":{"line":7,"column":2},"end":{"line":7,"column":null}},"5":{"start":{"line":10,"column":2},"end":{"line":10,"column":null}},"6":{"start":{"line":13,"column":2},"end":{"line":13,"column":null}},"7":{"start":{"line":16,"column":2},"end":{"line":16,"column":null}},"8":{"start":{"line":19,"column":2},"end":{"line":19,"column":null}},"9":{"start":{"line":22,"column":2},"end":{"line":22,"column":null}},"10":{"start":{"line":25,"column":2},"end":{"line":25,"column":null}},"11":{"start":{"line":28,"column":2},"end":{"line":28,"column":null}},"12":{"start":{"line":32,"column":2},"end":{"line":32,"column":null}},"13":{"start":{"line":30,"column":19},"end":{"line":30,"column":23}},"14":{"start":{"line":35,"column":2},"end":{"line":35,"column":null}},"15":{"start":{"line":38,"column":2},"end":{"line":38,"column":null}},"16":{"start":{"line":41,"column":2},"end":{"line":41,"column":null}},"17":{"start":{"line":5,"column":13},"end":{"line":42,"column":null}}},"fnMap":{"0":{"name":"(anonymous_2)","decl":{"start":{"line":30,"column":13},"end":{"line":30,"column":16}},"loc":{"start":{"line":30,"column":19},"end":{"line":30,"column":23}}}},"branchMap":{},"s":{"0":0,"1":0,"2":0,"3":0,"4":0,"5":0,"6":0,"7":0,"8":0,"9":0,"10":0,"11":0,"12":0,"13":0,"14":0,"15":0,"16":0,"17":0},"f":{"0":0},"b":{}}
,"/Users/pierre/Documents/Formation/03/Travail/backend/src/modules/users/users.controller.ts": {"path":"/Users/pierre/Documents/Formation/03/Travail/backend/src/modules/users/users.controller.ts","statementMap":{"0":{"start":{"line":1,"column":0},"end":{"line":1,"column":93}},"1":{"start":{"line":2,"column":0},"end":{"line":2,"column":46}},"2":{"start":{"line":4,"column":0},"end":{"line":4,"column":51}},"3":{"start":{"line":7,"column":7},"end":{"line":37,"column":null}},"4":{"start":{"line":8,"column":31},"end":{"line":8,"column":45}},"5":{"start":{"line":13,"column":18},"end":{"line":13,"column":51}},"6":{"start":{"line":14,"column":4},"end":{"line":14,"column":null}},"7":{"start":{"line":14,"column":31},"end":{"line":14,"column":68}},"8":{"start":{"line":20,"column":17},"end":{"line":20,"column":52}},"9":{"start":{"line":21,"column":4},"end":{"line":21,"column":null}},"10":{"start":{"line":27,"column":17},"end":{"line":27,"column":66}},"11":{"start":{"line":28,"column":4},"end":{"line":28,"column":null}},"12":{"start":{"line":34,"column":4},"end":{"line":34,"column":null}},"13":{"start":{"line":35,"column":4},"end":{"line":35,"column":null}},"14":{"start":{"line":7,"column":13},"end":{"line":7,"column":28}},"15":{"start":{"line":12,"column":8},"end":{"line":15,"column":null}},"16":{"start":{"line":19,"column":8},"end":{"line":22,"column":null}},"17":{"start":{"line":26,"column":8},"end":{"line":29,"column":null}},"18":{"start":{"line":33,"column":8},"end":{"line":36,"column":null}},"19":{"start":{"line":7,"column":13},"end":{"line":37,"column":null}}},"fnMap":{"0":{"name":"(anonymous_4)","decl":{"start":{"line":8,"column":2},"end":{"line":8,"column":31}},"loc":{"start":{"line":8,"column":57},"end":{"line":8,"column":61}}},"1":{"name":"(anonymous_5)","decl":{"start":{"line":12,"column":2},"end":{"line":12,"column":7}},"loc":{"start":{"line":12,"column":15},"end":{"line":15,"column":3}}},"2":{"name":"(anonymous_6)","decl":{"start":{"line":14,"column":21},"end":{"line":14,"column":22}},"loc":{"start":{"line":14,"column":31},"end":{"line":14,"column":68}}},"3":{"name":"(anonymous_7)","decl":{"start":{"line":19,"column":2},"end":{"line":19,"column":7}},"loc":{"start":{"line":19,"column":39},"end":{"line":22,"column":3}}},"4":{"name":"(anonymous_8)","decl":{"start":{"line":26,"column":2},"end":{"line":26,"column":7}},"loc":{"start":{"line":26,"column":85},"end":{"line":29,"column":3}}},"5":{"name":"(anonymous_9)","decl":{"start":{"line":33,"column":2},"end":{"line":33,"column":7}},"loc":{"start":{"line":33,"column":38},"end":{"line":36,"column":3}}}},"branchMap":{},"s":{"0":0,"1":0,"2":0,"3":0,"4":0,"5":0,"6":0,"7":0,"8":0,"9":0,"10":0,"11":0,"12":0,"13":0,"14":0,"15":0,"16":0,"17":0,"18":0,"19":0},"f":{"0":0,"1":0,"2":0,"3":0,"4":0,"5":0},"b":{}}
,"/Users/pierre/Documents/Formation/03/Travail/backend/src/modules/users/users.module.ts": {"path":"/Users/pierre/Documents/Formation/03/Travail/backend/src/modules/users/users.module.ts","statementMap":{"0":{"start":{"line":1,"column":0},"end":{"line":1,"column":39}},"1":{"start":{"line":2,"column":0},"end":{"line":2,"column":47}},"2":{"start":{"line":3,"column":0},"end":{"line":3,"column":52}},"3":{"start":{"line":4,"column":0},"end":{"line":4,"column":45}},"4":{"start":{"line":5,"column":0},"end":{"line":5,"column":46}},"5":{"start":{"line":6,"column":0},"end":{"line":6,"column":52}},"6":{"start":{"line":14,"column":7},"end":{"line":14,"column":null}},"7":{"start":{"line":14,"column":13},"end":{"line":14,"column":24}},"8":{"start":{"line":14,"column":13},"end":{"line":14,"column":null}}},"fnMap":{},"branchMap":{},"s":{"0":0,"1":0,"2":0,"3":0,"4":0,"5":0,"6":0,"7":0,"8":0},"f":{},"b":{}}
,"/Users/pierre/Documents/Formation/03/Travail/backend/src/modules/users/users.service.ts": {"path":"/Users/pierre/Documents/Formation/03/Travail/backend/src/modules/users/users.service.ts","statementMap":{"0":{"start":{"line":1,"column":0},"end":{"line":1,"column":43}},"1":{"start":{"line":2,"column":0},"end":{"line":2,"column":50}},"2":{"start":{"line":3,"column":0},"end":{"line":3,"column":36}},"3":{"start":{"line":4,"column":0},"end":{"line":4,"column":45}},"4":{"start":{"line":8,"column":7},"end":{"line":44,"column":null}},"5":{"start":{"line":11,"column":12},"end":{"line":11,"column":29}},"6":{"start":{"line":15,"column":17},"end":{"line":15,"column":59}},"7":{"start":{"line":16,"column":4},"end":{"line":16,"column":null}},"8":{"start":{"line":20,"column":4},"end":{"line":20,"column":null}},"9":{"start":{"line":24,"column":4},"end":{"line":24,"column":null}},"10":{"start":{"line":28,"column":4},"end":{"line":28,"column":null}},"11":{"start":{"line":32,"column":4},"end":{"line":32,"column":null}},"12":{"start":{"line":33,"column":4},"end":{"line":33,"column":null}},"13":{"start":{"line":37,"column":4},"end":{"line":37,"column":null}},"14":{"start":{"line":41,"column":36},"end":{"line":41,"column":40}},"15":{"start":{"line":42,"column":4},"end":{"line":42,"column":null}},"16":{"start":{"line":8,"column":13},"end":{"line":8,"column":25}},"17":{"start":{"line":8,"column":13},"end":{"line":44,"column":null}}},"fnMap":{"0":{"name":"(anonymous_4)","decl":{"start":{"line":9,"column":2},"end":{"line":9,"column":null}},"loc":{"start":{"line":11,"column":45},"end":{"line":12,"column":6}}},"1":{"name":"(anonymous_5)","decl":{"start":{"line":14,"column":2},"end":{"line":14,"column":7}},"loc":{"start":{"line":14,"column":43},"end":{"line":17,"column":3}}},"2":{"name":"(anonymous_6)","decl":{"start":{"line":19,"column":2},"end":{"line":19,"column":7}},"loc":{"start":{"line":19,"column":15},"end":{"line":21,"column":3}}},"3":{"name":"(anonymous_7)","decl":{"start":{"line":23,"column":2},"end":{"line":23,"column":7}},"loc":{"start":{"line":23,"column":26},"end":{"line":25,"column":3}}},"4":{"name":"(anonymous_8)","decl":{"start":{"line":27,"column":2},"end":{"line":27,"column":7}},"loc":{"start":{"line":27,"column":33},"end":{"line":29,"column":3}}},"5":{"name":"(anonymous_9)","decl":{"start":{"line":31,"column":2},"end":{"line":31,"column":7}},"loc":{"start":{"line":31,"column":55},"end":{"line":34,"column":3}}},"6":{"name":"(anonymous_10)","decl":{"start":{"line":36,"column":2},"end":{"line":36,"column":7}},"loc":{"start":{"line":36,"column":25},"end":{"line":38,"column":3}}},"7":{"name":"(anonymous_11)","decl":{"start":{"line":40,"column":2},"end":{"line":40,"column":15}},"loc":{"start":{"line":40,"column":26},"end":{"line":43,"column":3}}}},"branchMap":{},"s":{"0":1,"1":1,"2":1,"3":1,"4":1,"5":10,"6":1,"7":1,"8":1,"9":3,"10":2,"11":1,"12":1,"13":1,"14":1,"15":1,"16":1,"17":1},"f":{"0":10,"1":1,"2":1,"3":3,"4":2,"5":1,"6":1,"7":1},"b":{}}
,"/Users/pierre/Documents/Formation/03/Travail/backend/src/modules/users/dto/create-user.dto.ts": {"path":"/Users/pierre/Documents/Formation/03/Travail/backend/src/modules/users/dto/create-user.dto.ts","statementMap":{"0":{"start":{"line":1,"column":0},"end":{"line":1,"column":73}},"1":{"start":{"line":3,"column":0},"end":{"line":3,"column":13}},"2":{"start":{"line":5,"column":2},"end":{"line":5,"column":null}},"3":{"start":{"line":10,"column":2},"end":{"line":10,"column":null}},"4":{"start":{"line":14,"column":2},"end":{"line":14,"column":null}},"5":{"start":{"line":17,"column":0},"end":{"line":17,"column":13}}},"fnMap":{},"branchMap":{},"s":{"0":0,"1":0,"2":0,"3":0,"4":0,"5":0},"f":{},"b":{}}
,"/Users/pierre/Documents/Formation/03/Travail/backend/src/modules/users/entities/user.entity.ts": {"path":"/Users/pierre/Documents/Formation/03/Travail/backend/src/modules/users/entities/user.entity.ts","statementMap":{"0":{"start":{"line":1,"column":0},"end":{"line":1,"column":108}},"1":{"start":{"line":5,"column":7},"end":{"line":29,"column":null}},"2":{"start":{"line":5,"column":13},"end":{"line":5,"column":17}},"3":{"start":{"line":7,"column":2},"end":{"line":7,"column":null}},"4":{"start":{"line":10,"column":2},"end":{"line":10,"column":null}},"5":{"start":{"line":13,"column":2},"end":{"line":13,"column":null}},"6":{"start":{"line":16,"column":2},"end":{"line":16,"column":null}},"7":{"start":{"line":19,"column":2},"end":{"line":19,"column":null}},"8":{"start":{"line":22,"column":2},"end":{"line":22,"column":null}},"9":{"start":{"line":25,"column":2},"end":{"line":25,"column":null}},"10":{"start":{"line":28,"column":2},"end":{"line":28,"column":null}},"11":{"start":{"line":5,"column":13},"end":{"line":29,"column":null}}},"fnMap":{},"branchMap":{},"s":{"0":1,"1":1,"2":1,"3":1,"4":1,"5":1,"6":1,"7":1,"8":1,"9":1,"10":1,"11":1},"f":{},"b":{}}
}
