TN:
SF:src/app.module.ts
FN:20,(anonymous_1)
FNF:1
FNH:0
FNDA:0,(anonymous_1)
DA:1,0
DA:2,0
DA:3,0
DA:4,0
DA:5,0
DA:6,0
DA:7,0
DA:8,0
DA:9,0
DA:21,0
DA:30,0
LF:11
LH:0
BRF:0
BRH:0
end_of_record
TN:
SF:src/main.ts
FN:5,bootstrap
FNF:1
FNH:0
FNDA:0,bootstrap
DA:1,0
DA:2,0
DA:3,0
DA:6,0
DA:9,0
DA:12,0
DA:15,0
DA:20,0
DA:21,0
DA:22,0
DA:25,0
LF:11
LH:0
BRDA:16,0,0,0
BRDA:16,0,1,0
BRDA:20,1,0,0
BRDA:20,1,1,0
BRF:4
BRH:0
end_of_record
TN:
SF:src/common/common.module.ts
FN:11,(anonymous_1)
FNF:1
FNH:0
FNDA:0,(anonymous_1)
DA:1,0
DA:2,0
DA:3,0
DA:4,0
DA:12,0
DA:13,0
DA:15,0
DA:16,0
DA:17,0
DA:30,0
LF:10
LH:0
BRDA:12,0,0,0
BRDA:12,0,1,0
BRDA:13,1,0,0
BRDA:13,1,1,0
BRDA:15,2,0,0
BRDA:15,2,1,0
BRF:6
BRH:0
end_of_record
TN:
SF:src/common/guards/jwt.guard.ts
FN:6,(anonymous_2)
FN:8,(anonymous_3)
FNF:2
FNH:0
FNDA:0,(anonymous_2)
FNDA:0,(anonymous_3)
DA:1,0
DA:2,0
DA:5,0
DA:6,0
DA:9,0
DA:10,0
DA:12,0
DA:13,0
DA:16,0
DA:17,0
DA:18,0
DA:19,0
DA:20,0
DA:22,0
LF:14
LH:0
BRDA:12,0,0,0
BRF:1
BRH:0
end_of_record
TN:
SF:src/common/pipes/parse-uuid.pipe.ts
FN:9,(anonymous_1)
FN:12,(anonymous_2)
FNF:2
FNH:0
FNDA:0,(anonymous_1)
FNDA:0,(anonymous_2)
DA:1,0
DA:9,0
DA:10,0
DA:13,0
DA:15,0
DA:17,0
LF:6
LH:0
BRDA:13,0,0,0
BRF:1
BRH:0
end_of_record
TN:
SF:src/common/tasks/tasks.module.ts
FNF:0
FNH:0
DA:1,0
DA:2,0
DA:3,0
DA:4,0
DA:11,0
LF:5
LH:0
BRF:0
BRH:0
end_of_record
TN:
SF:src/common/tasks/tasks.service.ts
FN:10,(anonymous_13)
FN:16,(anonymous_14)
FNF:2
FNH:0
FNDA:0,(anonymous_13)
FNDA:0,(anonymous_14)
DA:1,0
DA:2,0
DA:3,0
DA:4,0
DA:5,0
DA:6,0
DA:9,0
DA:12,0
DA:16,0
DA:17,0
DA:23,0
DA:24,0
DA:25,0
DA:27,0
DA:30,0
LF:15
LH:0
BRDA:24,0,0,0
BRF:1
BRH:0
end_of_record
TN:
SF:src/config/typeorm.config.ts
FN:9,(anonymous_2)
FN:11,(anonymous_3)
FNF:2
FNH:0
FNDA:0,(anonymous_2)
FNDA:0,(anonymous_3)
DA:1,0
DA:2,0
DA:4,0
DA:5,0
DA:8,0
DA:9,0
DA:12,0
LF:7
LH:0
BRF:0
BRH:0
end_of_record
TN:
SF:src/migrations/1704844800000-CreateUsersTable.ts
FN:4,(anonymous_0)
FN:71,(anonymous_1)
FNF:2
FNH:0
FNDA:0,(anonymous_0)
FNDA:0,(anonymous_1)
DA:1,0
DA:3,0
DA:5,0
DA:72,0
LF:4
LH:0
BRF:0
BRH:0
end_of_record
TN:
SF:src/migrations/1704844800001-CreateFilesTable.ts
FN:4,(anonymous_0)
FN:86,(anonymous_1)
FNF:2
FNH:0
FNDA:0,(anonymous_0)
FNDA:0,(anonymous_1)
DA:1,0
DA:3,0
DA:5,0
DA:87,0
LF:4
LH:0
BRF:0
BRH:0
end_of_record
TN:
SF:src/migrations/1704844800002-AddUploadTokenToFilesTable.ts
FN:3,(anonymous_0)
FN:6,(anonymous_1)
FN:29,(anonymous_2)
FNF:3
FNH:0
FNDA:0,(anonymous_0)
FNDA:0,(anonymous_1)
FNDA:0,(anonymous_2)
DA:1,0
DA:3,0
DA:4,0
DA:8,0
DA:19,0
DA:31,0
DA:34,0
LF:7
LH:0
BRF:0
BRH:0
end_of_record
TN:
SF:src/modules/auth/auth.controller.ts
FN:8,(anonymous_4)
FN:11,(anonymous_5)
FN:16,(anonymous_6)
FN:22,(anonymous_7)
FN:30,(anonymous_8)
FNF:5
FNH:0
FNDA:0,(anonymous_4)
FNDA:0,(anonymous_5)
FNDA:0,(anonymous_6)
FNDA:0,(anonymous_7)
FNDA:0,(anonymous_8)
DA:1,0
DA:2,0
DA:3,0
DA:4,0
DA:7,0
DA:8,0
DA:11,0
DA:12,0
DA:16,0
DA:17,0
DA:22,0
DA:23,0
DA:30,0
DA:31,0
LF:14
LH:0
BRF:0
BRH:0
end_of_record
TN:
SF:src/modules/auth/auth.module.ts
FNF:0
FNH:0
DA:1,0
DA:2,0
DA:3,0
DA:4,0
DA:5,0
DA:6,0
DA:7,0
DA:15,0
LF:8
LH:0
BRF:0
BRH:0
end_of_record
TN:
SF:src/modules/auth/auth.service.ts
FN:10,(anonymous_11)
FN:16,(anonymous_12)
FN:41,(anonymous_13)
FN:64,(anonymous_14)
FN:72,(anonymous_15)
FNF:5
FNH:5
FNDA:9,(anonymous_11)
FNDA:3,(anonymous_12)
FNDA:3,(anonymous_13)
FNDA:2,(anonymous_14)
FNDA:3,(anonymous_15)
DA:1,1
DA:2,1
DA:3,1
DA:4,1
DA:5,1
DA:9,1
DA:11,9
DA:12,9
DA:13,9
DA:17,3
DA:18,3
DA:19,1
DA:22,2
DA:23,2
DA:29,2
DA:30,2
DA:42,3
DA:43,3
DA:44,1
DA:47,2
DA:48,2
DA:49,1
DA:52,1
DA:53,1
DA:65,2
DA:66,2
DA:68,1
DA:73,3
LF:28
LH:28
BRDA:18,0,0,1
BRDA:43,1,0,1
BRDA:48,2,0,1
BRF:3
BRH:3
end_of_record
TN:
SF:src/modules/auth/dto/auth.dto.ts
FNF:0
FNH:0
DA:1,0
DA:3,0
DA:5,0
DA:9,0
DA:12,0
DA:14,0
DA:18,0
DA:22,0
DA:25,0
LF:9
LH:0
BRF:0
BRH:0
end_of_record
TN:
SF:src/modules/auth/strategies/jwt.strategy.ts
FN:8,(anonymous_2)
FN:16,(anonymous_3)
FNF:2
FNH:0
FNDA:0,(anonymous_2)
FNDA:0,(anonymous_3)
DA:1,0
DA:2,0
DA:3,0
DA:4,0
DA:7,0
DA:8,0
DA:9,0
DA:17,0
LF:8
LH:0
BRF:0
BRH:0
end_of_record
TN:
SF:src/modules/files/files.controller.ts
FN:46,(anonymous_4)
FN:67,(anonymous_5)
FN:90,(anonymous_6)
FN:103,(anonymous_7)
FN:119,(anonymous_8)
FN:142,(anonymous_9)
FN:160,(anonymous_10)
FNF:7
FNH:0
FNDA:0,(anonymous_4)
FNDA:0,(anonymous_5)
FNDA:0,(anonymous_6)
FNDA:0,(anonymous_7)
FNDA:0,(anonymous_8)
FNDA:0,(anonymous_9)
FNDA:0,(anonymous_10)
DA:1,0
DA:18,0
DA:19,0
DA:20,0
DA:21,0
DA:22,0
DA:25,0
DA:45,0
DA:46,0
DA:67,0
DA:71,0
DA:72,0
DA:76,0
DA:78,0
DA:90,0
DA:91,0
DA:103,0
DA:104,0
DA:119,0
DA:124,0
DA:125,0
DA:127,0
DA:128,0
DA:129,0
DA:142,0
DA:143,0
DA:144,0
DA:146,0
DA:147,0
DA:148,0
DA:160,0
DA:161,0
DA:162,0
LF:33
LH:0
BRDA:71,0,0,0
BRF:1
BRH:0
end_of_record
TN:
SF:src/modules/files/files.module.ts
FNF:0
FNH:0
DA:1,0
DA:2,0
DA:3,0
DA:4,0
DA:5,0
DA:6,0
DA:7,0
DA:15,0
LF:8
LH:0
BRF:0
BRH:0
end_of_record
TN:
SF:src/modules/files/files.service.ts
FN:33,(anonymous_13)
FN:47,(anonymous_14)
FN:100,(anonymous_15)
FN:113,(anonymous_16)
FN:123,(anonymous_17)
FN:133,(anonymous_18)
FN:164,(anonymous_19)
FN:185,(anonymous_20)
FN:266,(anonymous_21)
FN:292,(anonymous_22)
FN:313,(anonymous_23)
FN:335,(anonymous_24)
FN:368,(anonymous_25)
FN:408,(anonymous_26)
FN:466,(anonymous_27)
FNF:15
FNH:13
FNDA:30,(anonymous_13)
FNDA:3,(anonymous_14)
FNDA:2,(anonymous_15)
FNDA:8,(anonymous_16)
FNDA:11,(anonymous_17)
FNDA:3,(anonymous_18)
FNDA:3,(anonymous_19)
FNDA:0,(anonymous_20)
FNDA:0,(anonymous_21)
FNDA:4,(anonymous_22)
FNDA:4,(anonymous_23)
FNDA:4,(anonymous_24)
FNDA:6,(anonymous_25)
FNDA:3,(anonymous_26)
FNDA:3,(anonymous_27)
DA:1,1
DA:2,1
DA:3,1
DA:4,1
DA:5,1
DA:6,1
DA:10,1
DA:30,1
DA:31,30
DA:35,30
DA:36,30
DA:52,3
DA:53,1
DA:57,2
DA:60,2
DA:61,2
DA:63,2
DA:65,2
DA:68,2
DA:82,2
DA:84,2
DA:87,2
DA:89,0
DA:90,0
DA:101,2
DA:102,2
DA:103,1
DA:105,2
DA:114,8
DA:124,11
DA:134,3
DA:136,3
DA:137,1
DA:141,2
DA:142,1
DA:145,1
DA:147,1
DA:150,1
DA:152,1
DA:154,0
DA:155,0
DA:165,3
DA:167,3
DA:168,1
DA:171,2
DA:172,2
DA:174,1
DA:175,1
DA:186,0
DA:188,0
DA:217,0
DA:233,0
DA:234,0
DA:239,0
DA:240,0
DA:244,0
DA:245,0
DA:247,0
DA:248,0
DA:252,0
DA:253,0
DA:259,0
DA:267,0
DA:268,0
DA:271,0
DA:274,0
DA:276,0
DA:280,0
DA:281,0
DA:282,0
DA:293,4
DA:294,0
DA:298,4
DA:299,0
DA:300,0
DA:303,4
DA:304,4
DA:305,4
DA:314,4
DA:336,4
DA:338,4
DA:339,1
DA:343,3
DA:344,1
DA:347,2
DA:369,6
DA:371,6
DA:372,1
DA:376,5
DA:377,1
DA:381,4
DA:382,3
DA:383,1
DA:386,2
DA:387,2
DA:388,1
DA:392,2
DA:393,2
DA:395,0
DA:396,0
DA:413,3
DA:414,1
DA:418,2
DA:421,2
DA:422,2
DA:424,2
DA:426,2
DA:429,2
DA:430,2
DA:431,1
DA:435,2
DA:449,2
DA:451,2
DA:453,2
DA:455,0
DA:456,0
DA:467,3
LF:117
LH:84
BRDA:52,0,0,1
BRDA:77,1,0,1
BRDA:77,1,1,1
BRDA:102,2,0,1
BRDA:136,3,0,1
BRDA:141,4,0,1
BRDA:167,5,0,1
BRDA:233,6,0,0
BRDA:239,7,0,0
BRDA:247,8,0,0
BRDA:252,9,0,0
BRDA:267,10,0,0
BRDA:267,11,0,0
BRDA:267,11,1,0
BRDA:274,12,0,0
BRDA:274,13,0,0
BRDA:274,13,1,0
BRDA:274,13,2,0
BRDA:281,14,0,0
BRDA:293,15,0,0
BRDA:298,16,0,0
BRDA:298,17,0,4
BRDA:298,17,1,4
BRDA:323,18,0,0
BRDA:323,18,1,4
BRDA:338,19,0,1
BRDA:343,20,0,1
BRDA:343,21,0,3
BRDA:343,21,1,1
BRDA:371,22,0,1
BRDA:376,23,0,1
BRDA:376,24,0,5
BRDA:376,24,1,1
BRDA:381,25,0,3
BRDA:382,26,0,1
BRDA:387,27,0,1
BRDA:413,28,0,1
BRDA:430,29,0,1
BRDA:444,30,0,0
BRDA:444,30,1,2
BRDA:467,31,0,2
BRDA:467,31,1,1
BRF:42
BRH:26
end_of_record
TN:
SF:src/modules/files/dto/download-file.dto.ts
FNF:0
FNH:0
DA:1,0
DA:7,0
DA:15,0
LF:3
LH:0
BRF:0
BRH:0
end_of_record
TN:
SF:src/modules/files/dto/download-metadata.dto.ts
FNF:0
FNH:0
DA:5,0
LF:1
LH:0
BRF:0
BRH:0
end_of_record
TN:
SF:src/modules/files/dto/upload-response.dto.ts
FNF:0
FNH:0
DA:5,0
LF:1
LH:0
BRF:0
BRH:0
end_of_record
TN:
SF:src/modules/files/dto/upload.dto.ts
FNF:0
FNH:0
DA:1,0
DA:7,0
DA:15,0
DA:24,0
DA:31,0
LF:5
LH:0
BRF:0
BRH:0
end_of_record
TN:
SF:src/modules/files/entities/file.entity.ts
FN:38,(anonymous_2)
FNF:1
FNH:0
FNDA:0,(anonymous_2)
DA:1,1
DA:2,1
DA:5,1
DA:7,1
DA:15,1
DA:18,1
DA:21,1
DA:24,1
DA:27,1
DA:30,1
DA:33,1
DA:36,1
DA:38,0
DA:40,1
DA:47,1
DA:54,1
DA:62,1
DA:65,1
DA:68,1
LF:19
LH:18
BRF:0
BRH:0
end_of_record
TN:
SF:src/modules/files/pipes/file-validation.pipe.ts
FN:8,(anonymous_1)
FN:60,(anonymous_2)
FN:102,(anonymous_3)
FN:126,(anonymous_4)
FNF:4
FNH:0
FNDA:0,(anonymous_1)
FNDA:0,(anonymous_2)
FNDA:0,(anonymous_3)
FNDA:0,(anonymous_4)
DA:1,0
DA:8,0
DA:9,0
DA:12,0
DA:15,0
DA:45,0
DA:61,0
DA:62,0
DA:66,0
DA:67,0
DA:72,0
DA:73,0
DA:77,0
DA:78,0
DA:80,0
DA:81,0
DA:85,0
DA:86,0
DA:93,0
DA:95,0
DA:103,0
DA:104,0
DA:107,0
DA:108,0
DA:111,0
DA:123,0
DA:124,0
DA:126,0
DA:128,0
DA:130,0
DA:131,0
DA:140,0
DA:145,0
DA:149,0
DA:150,0
DA:151,0
LF:36
LH:0
BRDA:61,0,0,0
BRDA:66,1,0,0
BRDA:72,2,0,0
BRDA:80,3,0,0
BRDA:85,4,0,0
BRDA:103,5,0,0
BRDA:103,6,0,0
BRDA:103,6,1,0
BRDA:124,7,0,0
BRDA:124,8,0,0
BRDA:124,8,1,0
BRDA:128,9,0,0
BRDA:128,10,0,0
BRDA:128,10,1,0
BRDA:130,11,0,0
BRDA:140,12,0,0
BRDA:141,13,0,0
BRDA:141,13,1,0
BRDA:141,13,2,0
BRDA:150,14,0,0
BRDA:150,15,0,0
BRDA:150,15,1,0
BRF:22
BRH:0
end_of_record
TN:
SF:src/modules/files/storage/local-storage.service.ts
FN:17,(anonymous_11)
FN:25,(anonymous_12)
FN:40,(anonymous_13)
FN:60,(anonymous_14)
FN:70,(anonymous_15)
FN:84,(anonymous_16)
FNF:6
FNH:0
FNDA:0,(anonymous_11)
FNDA:0,(anonymous_12)
FNDA:0,(anonymous_13)
FNDA:0,(anonymous_14)
FNDA:0,(anonymous_15)
FNDA:0,(anonymous_16)
DA:1,1
DA:2,1
DA:3,1
DA:4,1
DA:13,1
DA:14,0
DA:17,0
DA:18,0
DA:19,0
DA:26,0
DA:27,0
DA:28,0
DA:30,0
DA:41,0
DA:44,0
DA:45,0
DA:48,0
DA:50,0
DA:51,0
DA:61,0
DA:62,0
DA:63,0
DA:71,0
DA:72,0
DA:73,0
DA:75,0
DA:85,0
DA:86,0
DA:87,0
DA:89,0
LF:30
LH:5
BRDA:18,0,0,0
BRDA:18,0,1,0
BRF:2
BRH:0
end_of_record
TN:
SF:src/modules/users/users.controller.ts
FN:8,(anonymous_4)
FN:12,(anonymous_5)
FN:14,(anonymous_6)
FN:19,(anonymous_7)
FN:26,(anonymous_8)
FN:33,(anonymous_9)
FNF:6
FNH:0
FNDA:0,(anonymous_4)
FNDA:0,(anonymous_5)
FNDA:0,(anonymous_6)
FNDA:0,(anonymous_7)
FNDA:0,(anonymous_8)
FNDA:0,(anonymous_9)
DA:1,0
DA:2,0
DA:4,0
DA:7,0
DA:8,0
DA:12,0
DA:13,0
DA:14,0
DA:19,0
DA:20,0
DA:21,0
DA:26,0
DA:27,0
DA:28,0
DA:33,0
DA:34,0
DA:35,0
LF:17
LH:0
BRF:0
BRH:0
end_of_record
TN:
SF:src/modules/users/users.module.ts
FNF:0
FNH:0
DA:1,0
DA:2,0
DA:3,0
DA:4,0
DA:5,0
DA:6,0
DA:14,0
LF:7
LH:0
BRF:0
BRH:0
end_of_record
TN:
SF:src/modules/users/users.service.ts
FN:9,(anonymous_4)
FN:14,(anonymous_5)
FN:19,(anonymous_6)
FN:23,(anonymous_7)
FN:27,(anonymous_8)
FN:31,(anonymous_9)
FN:36,(anonymous_10)
FN:40,(anonymous_11)
FNF:8
FNH:8
FNDA:10,(anonymous_4)
FNDA:1,(anonymous_5)
FNDA:1,(anonymous_6)
FNDA:3,(anonymous_7)
FNDA:2,(anonymous_8)
FNDA:1,(anonymous_9)
FNDA:1,(anonymous_10)
FNDA:1,(anonymous_11)
DA:1,2
DA:2,2
DA:3,2
DA:4,2
DA:8,2
DA:11,10
DA:15,1
DA:16,1
DA:20,1
DA:24,3
DA:28,2
DA:32,1
DA:33,1
DA:37,1
DA:41,1
DA:42,1
LF:16
LH:16
BRF:0
BRH:0
end_of_record
TN:
SF:src/modules/users/dto/create-user.dto.ts
FNF:0
FNH:0
DA:1,0
DA:3,0
DA:5,0
DA:10,0
DA:14,0
DA:17,0
LF:6
LH:0
BRF:0
BRH:0
end_of_record
TN:
SF:src/modules/users/entities/user.entity.ts
FNF:0
FNH:0
DA:1,3
DA:5,3
DA:7,3
DA:10,3
DA:13,3
DA:16,3
DA:19,3
DA:22,3
DA:25,3
DA:28,3
LF:10
LH:10
BRF:0
BRH:0
end_of_record
